<?xml version="1.0" encoding="UTF-8"?>
<!-- Generated by org.testng.reporters.JUnitReportReporter -->
<testsuite hostname="DESKTOP-9IC1RJM" failures="0" tests="4" name="api.client.CreateClientPositiveTest" time="0.069" errors="0" timestamp="2024-01-14T19:07:51 WET" skipped="0">
  <testcase classname="api.client.CreateClientPositiveTest" name="createClientTest" time="0.018"/>
  <system-out/>
  <testcase classname="api.client.CreateClientPositiveTest" name="createClientWithClientDateSetToCurrentDateTest" time="0.017"/>
  <system-out/>
  <testcase classname="api.client.CreateClientPositiveTest" name="createClientWithClientDateSetToPastDateTest" time="0.018"/>
  <system-out/>
  <testcase classname="api.client.CreateClientPositiveTest" name="createClientWithBirthDateSetToCurrentDateTest" time="0.016"/>
  <system-out/>
</testsuite> <!-- api.client.CreateClientPositiveTest -->
