<?xml version="1.0" encoding="UTF-8"?>
<!-- Generated by org.testng.reporters.JUnitReportReporter -->
<testsuite hostname="DESKTOP-9IC1RJM" failures="0" tests="3" name="api.client.GetClientNegativeTest" time="0.042" errors="0" timestamp="2024-01-14T19:07:50 WET" skipped="0">
  <testcase classname="api.client.GetClientNegativeTest" name="getNonExistentClientByIdTest" time="0.030"/>
  <system-out/>
  <testcase classname="api.client.GetClientNegativeTest" name="getClientByIdZeroTest" time="0.005"/>
  <system-out/>
  <testcase classname="api.client.GetClientNegativeTest" name="getClientWithNegativeIdTest" time="0.007"/>
  <system-out/>
</testsuite> <!-- api.client.GetClientNegativeTest -->
