<?xml version="1.0" encoding="UTF-8"?>
<!-- Generated by org.testng.reporters.JUnitReportReporter -->
<testsuite hostname="DESKTOP-9IC1RJM" failures="0" tests="2" name="api.client.GetClientPositiveTest" time="0.073" errors="0" timestamp="2024-01-14T19:07:50 WET" skipped="0">
  <testcase classname="api.client.GetClientPositiveTest" name="getAllClientTest" time="0.052"/>
  <system-out/>
  <testcase classname="api.client.GetClientPositiveTest" name="getClientByIdTest" time="0.021"/>
  <system-out/>
</testsuite> <!-- api.client.GetClientPositiveTest -->
