<?xml version="1.0" encoding="UTF-8"?>
<!-- Generated by org.testng.reporters.JUnitReportReporter -->
<testsuite hostname="DESKTOP-9IC1RJM" failures="0" tests="1" name="api.client.DeleteClientPositiveTest" time="0.015" errors="0" timestamp="2024-01-14T19:07:50 WET" skipped="0">
  <testcase classname="api.client.DeleteClientPositiveTest" name="deleteClientById" time="0.015"/>
  <system-out/>
</testsuite> <!-- api.client.DeleteClientPositiveTest -->
