<?xml version="1.0" encoding="UTF-8"?>
<!-- Generated by org.testng.reporters.JUnitReportReporter -->
<testsuite hostname="DESKTOP-9IC1RJM" failures="0" tests="2" name="api.client.UpdateClientPositiveTest" time="0.055" errors="0" timestamp="2024-01-14T19:07:50 WET" skipped="0">
  <testcase classname="api.client.UpdateClientPositiveTest" name="updateClientBirthDateToFutureDateTest" time="0.030"/>
  <system-out/>
  <testcase classname="api.client.UpdateClientPositiveTest" name="updateClientTest" time="0.025"/>
  <system-out/>
</testsuite> <!-- api.client.UpdateClientPositiveTest -->
