<?xml version="1.0" encoding="UTF-8"?>
<!-- Generated by org.testng.reporters.JUnitReportReporter -->
<testsuite hostname="DESKTOP-9IC1RJM" failures="0" tests="9" name="api.client.CreateClientNegativeTest" time="1.552" errors="0" timestamp="2024-01-14T19:07:50 WET" skipped="0">
  <testcase classname="api.client.CreateClientNegativeTest" name="createClientWithBirthDateAfterClientDate" time="0.121"/>
  <system-out/>
  <testcase classname="api.client.CreateClientNegativeTest" name="createClientWithInvalidPostalCode" time="0.007"/>
  <system-out/>
  <testcase classname="api.client.CreateClientNegativeTest" name="createClientDuplicatedNIF" time="1.312"/>
  <system-out/>
  <testcase classname="api.client.CreateClientNegativeTest" name="createClientWithIDTest" time="0.030"/>
  <system-out/>
  <testcase classname="api.client.CreateClientNegativeTest" name="createClientWithBirthDateLessThanToday" time="0.009"/>
  <system-out/>
  <testcase classname="api.client.CreateClientNegativeTest" name="createClientNullFieldsTest" time="0.024"/>
  <system-out/>
  <testcase classname="api.client.CreateClientNegativeTest" name="createClientWithClientDateSetToFutureDateTest" time="0.017"/>
  <system-out/>
  <testcase classname="api.client.CreateClientNegativeTest" name="createClientWithInvalidPhoneNumber" time="0.013"/>
  <system-out/>
  <testcase classname="api.client.CreateClientNegativeTest" name="createClientWithBirthDateSetToFutureDateTest" time="0.019"/>
  <system-out/>
</testsuite> <!-- api.client.CreateClientNegativeTest -->
