<?xml version="1.0" encoding="UTF-8"?>
<testsuite name="api.client.UpdateClientNegativeTest" tests="10" skipped="0" failures="8" errors="0" timestamp="2024-01-14T19:07:50" hostname="DESKTOP-9IC1RJM" time="0.252">
  <properties/>
  <testcase name="updateClientDuplicatedNIFTest" classname="api.client.UpdateClientNegativeTest" time="0.015">
    <failure message="java.lang.AssertionError: Expected response code to be [400] but was [200]&#13;&#10;Expected: is &lt;400&gt;&#13;&#10;     but: was &lt;200&gt;" type="java.lang.AssertionError">java.lang.AssertionError: Expected response code to be [400] but was [200]
Expected: is &lt;400&gt;
     but: was &lt;200&gt;
	at org.hamcrest.MatcherAssert.assertThat(MatcherAssert.java:20)
	at api.validators.ResponseValidator.assertBadRequest(ResponseValidator.java:51)
	at api.client.UpdateClientNegativeTest.updateClientDuplicatedNIFTest(UpdateClientNegativeTest.java:109)
	at java.base/jdk.internal.reflect.DirectMethodHandleAccessor.invoke(DirectMethodHandleAccessor.java:104)
	at java.base/java.lang.reflect.Method.invoke(Method.java:578)
	at org.testng.internal.MethodInvocationHelper.invokeMethod(MethodInvocationHelper.java:133)
	at org.testng.internal.TestInvoker.invokeMethod(TestInvoker.java:598)
	at org.testng.internal.TestInvoker.invokeTestMethod(TestInvoker.java:173)
	at org.testng.internal.MethodRunner.runInSequence(MethodRunner.java:46)
	at org.testng.internal.TestInvoker$MethodInvocationAgent.invoke(TestInvoker.java:824)
	at org.testng.internal.TestInvoker.invokeTestMethods(TestInvoker.java:146)
	at org.testng.internal.TestMethodWorker.invokeTestMethods(TestMethodWorker.java:146)
	at org.testng.internal.TestMethodWorker.run(TestMethodWorker.java:128)
	at java.base/java.util.ArrayList.forEach(ArrayList.java:1511)
	at org.testng.TestRunner.privateRun(TestRunner.java:794)
	at org.testng.TestRunner.run(TestRunner.java:596)
	at org.testng.SuiteRunner.runTest(SuiteRunner.java:377)
	at org.testng.SuiteRunner.runSequentially(SuiteRunner.java:371)
	at org.testng.SuiteRunner.privateRun(SuiteRunner.java:332)
	at org.testng.SuiteRunner.run(SuiteRunner.java:276)
	at org.testng.SuiteRunnerWorker.runSuite(SuiteRunnerWorker.java:53)
	at org.testng.SuiteRunnerWorker.run(SuiteRunnerWorker.java:96)
	at org.testng.TestNG.runSuitesSequentially(TestNG.java:1212)
	at org.testng.TestNG.runSuitesLocally(TestNG.java:1134)
	at org.testng.TestNG.runSuites(TestNG.java:1063)
	at org.testng.TestNG.run(TestNG.java:1031)
	at org.gradle.api.internal.tasks.testing.testng.TestNGTestClassProcessor.runTests(TestNGTestClassProcessor.java:148)
	at org.gradle.api.internal.tasks.testing.testng.TestNGTestClassProcessor.stop(TestNGTestClassProcessor.java:95)
	at org.gradle.api.internal.tasks.testing.SuiteTestClassProcessor.stop(SuiteTestClassProcessor.java:62)
	at java.base/jdk.internal.reflect.DirectMethodHandleAccessor.invoke(DirectMethodHandleAccessor.java:104)
	at java.base/java.lang.reflect.Method.invoke(Method.java:578)
	at org.gradle.internal.dispatch.ReflectionDispatch.dispatch(ReflectionDispatch.java:36)
	at org.gradle.internal.dispatch.ReflectionDispatch.dispatch(ReflectionDispatch.java:24)
	at org.gradle.internal.dispatch.ContextClassLoaderDispatch.dispatch(ContextClassLoaderDispatch.java:33)
	at org.gradle.internal.dispatch.ProxyDispatchAdapter$DispatchingInvocationHandler.invoke(ProxyDispatchAdapter.java:94)
	at jdk.proxy2/jdk.proxy2.$Proxy5.stop(Unknown Source)
	at org.gradle.api.internal.tasks.testing.worker.TestWorker$3.run(TestWorker.java:193)
	at org.gradle.api.internal.tasks.testing.worker.TestWorker.executeAndMaintainThreadName(TestWorker.java:129)
	at org.gradle.api.internal.tasks.testing.worker.TestWorker.execute(TestWorker.java:100)
	at org.gradle.api.internal.tasks.testing.worker.TestWorker.execute(TestWorker.java:60)
	at org.gradle.process.internal.worker.child.ActionExecutionWorker.execute(ActionExecutionWorker.java:56)
	at org.gradle.process.internal.worker.child.SystemApplicationClassLoaderWorker.call(SystemApplicationClassLoaderWorker.java:113)
	at org.gradle.process.internal.worker.child.SystemApplicationClassLoaderWorker.call(SystemApplicationClassLoaderWorker.java:65)
	at worker.org.gradle.process.internal.worker.GradleWorkerMain.run(GradleWorkerMain.java:69)
	at worker.org.gradle.process.internal.worker.GradleWorkerMain.main(GradleWorkerMain.java:74)
</failure>
  </testcase>
  <testcase name="updateClientNullFieldsTest" classname="api.client.UpdateClientNegativeTest" time="0.023">
    <failure message="java.lang.AssertionError: Message is not the expected&#13;&#10;Expected: is &quot;Invalid body&quot;&#13;&#10;     but: was &quot;Invalid Phone Number&quot;" type="java.lang.AssertionError">java.lang.AssertionError: Message is not the expected
Expected: is &quot;Invalid body&quot;
     but: was &quot;Invalid Phone Number&quot;
	at org.hamcrest.MatcherAssert.assertThat(MatcherAssert.java:20)
	at api.validators.ErrorResponseValidator.assertErrorResponse(ErrorResponseValidator.java:12)
	at api.client.UpdateClientNegativeTest.updateClientNullFieldsTest(UpdateClientNegativeTest.java:91)
	at java.base/jdk.internal.reflect.DirectMethodHandleAccessor.invoke(DirectMethodHandleAccessor.java:104)
	at java.base/java.lang.reflect.Method.invoke(Method.java:578)
	at org.testng.internal.MethodInvocationHelper.invokeMethod(MethodInvocationHelper.java:133)
	at org.testng.internal.TestInvoker.invokeMethod(TestInvoker.java:598)
	at org.testng.internal.TestInvoker.invokeTestMethod(TestInvoker.java:173)
	at org.testng.internal.MethodRunner.runInSequence(MethodRunner.java:46)
	at org.testng.internal.TestInvoker$MethodInvocationAgent.invoke(TestInvoker.java:824)
	at org.testng.internal.TestInvoker.invokeTestMethods(TestInvoker.java:146)
	at org.testng.internal.TestMethodWorker.invokeTestMethods(TestMethodWorker.java:146)
	at org.testng.internal.TestMethodWorker.run(TestMethodWorker.java:128)
	at java.base/java.util.ArrayList.forEach(ArrayList.java:1511)
	at org.testng.TestRunner.privateRun(TestRunner.java:794)
	at org.testng.TestRunner.run(TestRunner.java:596)
	at org.testng.SuiteRunner.runTest(SuiteRunner.java:377)
	at org.testng.SuiteRunner.runSequentially(SuiteRunner.java:371)
	at org.testng.SuiteRunner.privateRun(SuiteRunner.java:332)
	at org.testng.SuiteRunner.run(SuiteRunner.java:276)
	at org.testng.SuiteRunnerWorker.runSuite(SuiteRunnerWorker.java:53)
	at org.testng.SuiteRunnerWorker.run(SuiteRunnerWorker.java:96)
	at org.testng.TestNG.runSuitesSequentially(TestNG.java:1212)
	at org.testng.TestNG.runSuitesLocally(TestNG.java:1134)
	at org.testng.TestNG.runSuites(TestNG.java:1063)
	at org.testng.TestNG.run(TestNG.java:1031)
	at org.gradle.api.internal.tasks.testing.testng.TestNGTestClassProcessor.runTests(TestNGTestClassProcessor.java:148)
	at org.gradle.api.internal.tasks.testing.testng.TestNGTestClassProcessor.stop(TestNGTestClassProcessor.java:95)
	at org.gradle.api.internal.tasks.testing.SuiteTestClassProcessor.stop(SuiteTestClassProcessor.java:62)
	at java.base/jdk.internal.reflect.DirectMethodHandleAccessor.invoke(DirectMethodHandleAccessor.java:104)
	at java.base/java.lang.reflect.Method.invoke(Method.java:578)
	at org.gradle.internal.dispatch.ReflectionDispatch.dispatch(ReflectionDispatch.java:36)
	at org.gradle.internal.dispatch.ReflectionDispatch.dispatch(ReflectionDispatch.java:24)
	at org.gradle.internal.dispatch.ContextClassLoaderDispatch.dispatch(ContextClassLoaderDispatch.java:33)
	at org.gradle.internal.dispatch.ProxyDispatchAdapter$DispatchingInvocationHandler.invoke(ProxyDispatchAdapter.java:94)
	at jdk.proxy2/jdk.proxy2.$Proxy5.stop(Unknown Source)
	at org.gradle.api.internal.tasks.testing.worker.TestWorker$3.run(TestWorker.java:193)
	at org.gradle.api.internal.tasks.testing.worker.TestWorker.executeAndMaintainThreadName(TestWorker.java:129)
	at org.gradle.api.internal.tasks.testing.worker.TestWorker.execute(TestWorker.java:100)
	at org.gradle.api.internal.tasks.testing.worker.TestWorker.execute(TestWorker.java:60)
	at org.gradle.process.internal.worker.child.ActionExecutionWorker.execute(ActionExecutionWorker.java:56)
	at org.gradle.process.internal.worker.child.SystemApplicationClassLoaderWorker.call(SystemApplicationClassLoaderWorker.java:113)
	at org.gradle.process.internal.worker.child.SystemApplicationClassLoaderWorker.call(SystemApplicationClassLoaderWorker.java:65)
	at worker.org.gradle.process.internal.worker.GradleWorkerMain.run(GradleWorkerMain.java:69)
	at worker.org.gradle.process.internal.worker.GradleWorkerMain.main(GradleWorkerMain.java:74)
</failure>
  </testcase>
  <testcase name="updateClientWithBirthDateWithCurrentDateTest" classname="api.client.UpdateClientNegativeTest" time="0.009">
    <failure message="java.lang.AssertionError: Expected response code to be [400] but was [200]&#13;&#10;Expected: is &lt;400&gt;&#13;&#10;     but: was &lt;200&gt;" type="java.lang.AssertionError">java.lang.AssertionError: Expected response code to be [400] but was [200]
Expected: is &lt;400&gt;
     but: was &lt;200&gt;
	at org.hamcrest.MatcherAssert.assertThat(MatcherAssert.java:20)
	at api.validators.ResponseValidator.assertBadRequest(ResponseValidator.java:51)
	at api.client.UpdateClientNegativeTest.updateClientWithBirthDateWithCurrentDateTest(UpdateClientNegativeTest.java:121)
	at java.base/jdk.internal.reflect.DirectMethodHandleAccessor.invoke(DirectMethodHandleAccessor.java:104)
	at java.base/java.lang.reflect.Method.invoke(Method.java:578)
	at org.testng.internal.MethodInvocationHelper.invokeMethod(MethodInvocationHelper.java:133)
	at org.testng.internal.TestInvoker.invokeMethod(TestInvoker.java:598)
	at org.testng.internal.TestInvoker.invokeTestMethod(TestInvoker.java:173)
	at org.testng.internal.MethodRunner.runInSequence(MethodRunner.java:46)
	at org.testng.internal.TestInvoker$MethodInvocationAgent.invoke(TestInvoker.java:824)
	at org.testng.internal.TestInvoker.invokeTestMethods(TestInvoker.java:146)
	at org.testng.internal.TestMethodWorker.invokeTestMethods(TestMethodWorker.java:146)
	at org.testng.internal.TestMethodWorker.run(TestMethodWorker.java:128)
	at java.base/java.util.ArrayList.forEach(ArrayList.java:1511)
	at org.testng.TestRunner.privateRun(TestRunner.java:794)
	at org.testng.TestRunner.run(TestRunner.java:596)
	at org.testng.SuiteRunner.runTest(SuiteRunner.java:377)
	at org.testng.SuiteRunner.runSequentially(SuiteRunner.java:371)
	at org.testng.SuiteRunner.privateRun(SuiteRunner.java:332)
	at org.testng.SuiteRunner.run(SuiteRunner.java:276)
	at org.testng.SuiteRunnerWorker.runSuite(SuiteRunnerWorker.java:53)
	at org.testng.SuiteRunnerWorker.run(SuiteRunnerWorker.java:96)
	at org.testng.TestNG.runSuitesSequentially(TestNG.java:1212)
	at org.testng.TestNG.runSuitesLocally(TestNG.java:1134)
	at org.testng.TestNG.runSuites(TestNG.java:1063)
	at org.testng.TestNG.run(TestNG.java:1031)
	at org.gradle.api.internal.tasks.testing.testng.TestNGTestClassProcessor.runTests(TestNGTestClassProcessor.java:148)
	at org.gradle.api.internal.tasks.testing.testng.TestNGTestClassProcessor.stop(TestNGTestClassProcessor.java:95)
	at org.gradle.api.internal.tasks.testing.SuiteTestClassProcessor.stop(SuiteTestClassProcessor.java:62)
	at java.base/jdk.internal.reflect.DirectMethodHandleAccessor.invoke(DirectMethodHandleAccessor.java:104)
	at java.base/java.lang.reflect.Method.invoke(Method.java:578)
	at org.gradle.internal.dispatch.ReflectionDispatch.dispatch(ReflectionDispatch.java:36)
	at org.gradle.internal.dispatch.ReflectionDispatch.dispatch(ReflectionDispatch.java:24)
	at org.gradle.internal.dispatch.ContextClassLoaderDispatch.dispatch(ContextClassLoaderDispatch.java:33)
	at org.gradle.internal.dispatch.ProxyDispatchAdapter$DispatchingInvocationHandler.invoke(ProxyDispatchAdapter.java:94)
	at jdk.proxy2/jdk.proxy2.$Proxy5.stop(Unknown Source)
	at org.gradle.api.internal.tasks.testing.worker.TestWorker$3.run(TestWorker.java:193)
	at org.gradle.api.internal.tasks.testing.worker.TestWorker.executeAndMaintainThreadName(TestWorker.java:129)
	at org.gradle.api.internal.tasks.testing.worker.TestWorker.execute(TestWorker.java:100)
	at org.gradle.api.internal.tasks.testing.worker.TestWorker.execute(TestWorker.java:60)
	at org.gradle.process.internal.worker.child.ActionExecutionWorker.execute(ActionExecutionWorker.java:56)
	at org.gradle.process.internal.worker.child.SystemApplicationClassLoaderWorker.call(SystemApplicationClassLoaderWorker.java:113)
	at org.gradle.process.internal.worker.child.SystemApplicationClassLoaderWorker.call(SystemApplicationClassLoaderWorker.java:65)
	at worker.org.gradle.process.internal.worker.GradleWorkerMain.run(GradleWorkerMain.java:69)
	at worker.org.gradle.process.internal.worker.GradleWorkerMain.main(GradleWorkerMain.java:74)
</failure>
  </testcase>
  <testcase name="updateClientWithClientDateWithCurrentDateTest" classname="api.client.UpdateClientNegativeTest" time="0.01">
    <failure message="java.lang.AssertionError: Expected response code to be [400] but was [200]&#13;&#10;Expected: is &lt;400&gt;&#13;&#10;     but: was &lt;200&gt;" type="java.lang.AssertionError">java.lang.AssertionError: Expected response code to be [400] but was [200]
Expected: is &lt;400&gt;
     but: was &lt;200&gt;
	at org.hamcrest.MatcherAssert.assertThat(MatcherAssert.java:20)
	at api.validators.ResponseValidator.assertBadRequest(ResponseValidator.java:51)
	at api.client.UpdateClientNegativeTest.updateClientWithClientDateWithCurrentDateTest(UpdateClientNegativeTest.java:133)
	at java.base/jdk.internal.reflect.DirectMethodHandleAccessor.invoke(DirectMethodHandleAccessor.java:104)
	at java.base/java.lang.reflect.Method.invoke(Method.java:578)
	at org.testng.internal.MethodInvocationHelper.invokeMethod(MethodInvocationHelper.java:133)
	at org.testng.internal.TestInvoker.invokeMethod(TestInvoker.java:598)
	at org.testng.internal.TestInvoker.invokeTestMethod(TestInvoker.java:173)
	at org.testng.internal.MethodRunner.runInSequence(MethodRunner.java:46)
	at org.testng.internal.TestInvoker$MethodInvocationAgent.invoke(TestInvoker.java:824)
	at org.testng.internal.TestInvoker.invokeTestMethods(TestInvoker.java:146)
	at org.testng.internal.TestMethodWorker.invokeTestMethods(TestMethodWorker.java:146)
	at org.testng.internal.TestMethodWorker.run(TestMethodWorker.java:128)
	at java.base/java.util.ArrayList.forEach(ArrayList.java:1511)
	at org.testng.TestRunner.privateRun(TestRunner.java:794)
	at org.testng.TestRunner.run(TestRunner.java:596)
	at org.testng.SuiteRunner.runTest(SuiteRunner.java:377)
	at org.testng.SuiteRunner.runSequentially(SuiteRunner.java:371)
	at org.testng.SuiteRunner.privateRun(SuiteRunner.java:332)
	at org.testng.SuiteRunner.run(SuiteRunner.java:276)
	at org.testng.SuiteRunnerWorker.runSuite(SuiteRunnerWorker.java:53)
	at org.testng.SuiteRunnerWorker.run(SuiteRunnerWorker.java:96)
	at org.testng.TestNG.runSuitesSequentially(TestNG.java:1212)
	at org.testng.TestNG.runSuitesLocally(TestNG.java:1134)
	at org.testng.TestNG.runSuites(TestNG.java:1063)
	at org.testng.TestNG.run(TestNG.java:1031)
	at org.gradle.api.internal.tasks.testing.testng.TestNGTestClassProcessor.runTests(TestNGTestClassProcessor.java:148)
	at org.gradle.api.internal.tasks.testing.testng.TestNGTestClassProcessor.stop(TestNGTestClassProcessor.java:95)
	at org.gradle.api.internal.tasks.testing.SuiteTestClassProcessor.stop(SuiteTestClassProcessor.java:62)
	at java.base/jdk.internal.reflect.DirectMethodHandleAccessor.invoke(DirectMethodHandleAccessor.java:104)
	at java.base/java.lang.reflect.Method.invoke(Method.java:578)
	at org.gradle.internal.dispatch.ReflectionDispatch.dispatch(ReflectionDispatch.java:36)
	at org.gradle.internal.dispatch.ReflectionDispatch.dispatch(ReflectionDispatch.java:24)
	at org.gradle.internal.dispatch.ContextClassLoaderDispatch.dispatch(ContextClassLoaderDispatch.java:33)
	at org.gradle.internal.dispatch.ProxyDispatchAdapter$DispatchingInvocationHandler.invoke(ProxyDispatchAdapter.java:94)
	at jdk.proxy2/jdk.proxy2.$Proxy5.stop(Unknown Source)
	at org.gradle.api.internal.tasks.testing.worker.TestWorker$3.run(TestWorker.java:193)
	at org.gradle.api.internal.tasks.testing.worker.TestWorker.executeAndMaintainThreadName(TestWorker.java:129)
	at org.gradle.api.internal.tasks.testing.worker.TestWorker.execute(TestWorker.java:100)
	at org.gradle.api.internal.tasks.testing.worker.TestWorker.execute(TestWorker.java:60)
	at org.gradle.process.internal.worker.child.ActionExecutionWorker.execute(ActionExecutionWorker.java:56)
	at org.gradle.process.internal.worker.child.SystemApplicationClassLoaderWorker.call(SystemApplicationClassLoaderWorker.java:113)
	at org.gradle.process.internal.worker.child.SystemApplicationClassLoaderWorker.call(SystemApplicationClassLoaderWorker.java:65)
	at worker.org.gradle.process.internal.worker.GradleWorkerMain.run(GradleWorkerMain.java:69)
	at worker.org.gradle.process.internal.worker.GradleWorkerMain.main(GradleWorkerMain.java:74)
</failure>
  </testcase>
  <testcase name="updateClientWithIDTest" classname="api.client.UpdateClientNegativeTest" time="0.005"/>
  <testcase name="updateClientWithIdZero" classname="api.client.UpdateClientNegativeTest" time="0.006">
    <failure message="java.lang.AssertionError: Expected response code to be [400] but was [404]&#13;&#10;Expected: is &lt;400&gt;&#13;&#10;     but: was &lt;404&gt;" type="java.lang.AssertionError">java.lang.AssertionError: Expected response code to be [400] but was [404]
Expected: is &lt;400&gt;
     but: was &lt;404&gt;
	at org.hamcrest.MatcherAssert.assertThat(MatcherAssert.java:20)
	at api.validators.ResponseValidator.assertBadRequest(ResponseValidator.java:51)
	at api.client.UpdateClientNegativeTest.updateClientWithIdZero(UpdateClientNegativeTest.java:65)
	at java.base/jdk.internal.reflect.DirectMethodHandleAccessor.invoke(DirectMethodHandleAccessor.java:104)
	at java.base/java.lang.reflect.Method.invoke(Method.java:578)
	at org.testng.internal.MethodInvocationHelper.invokeMethod(MethodInvocationHelper.java:133)
	at org.testng.internal.TestInvoker.invokeMethod(TestInvoker.java:598)
	at org.testng.internal.TestInvoker.invokeTestMethod(TestInvoker.java:173)
	at org.testng.internal.MethodRunner.runInSequence(MethodRunner.java:46)
	at org.testng.internal.TestInvoker$MethodInvocationAgent.invoke(TestInvoker.java:824)
	at org.testng.internal.TestInvoker.invokeTestMethods(TestInvoker.java:146)
	at org.testng.internal.TestMethodWorker.invokeTestMethods(TestMethodWorker.java:146)
	at org.testng.internal.TestMethodWorker.run(TestMethodWorker.java:128)
	at java.base/java.util.ArrayList.forEach(ArrayList.java:1511)
	at org.testng.TestRunner.privateRun(TestRunner.java:794)
	at org.testng.TestRunner.run(TestRunner.java:596)
	at org.testng.SuiteRunner.runTest(SuiteRunner.java:377)
	at org.testng.SuiteRunner.runSequentially(SuiteRunner.java:371)
	at org.testng.SuiteRunner.privateRun(SuiteRunner.java:332)
	at org.testng.SuiteRunner.run(SuiteRunner.java:276)
	at org.testng.SuiteRunnerWorker.runSuite(SuiteRunnerWorker.java:53)
	at org.testng.SuiteRunnerWorker.run(SuiteRunnerWorker.java:96)
	at org.testng.TestNG.runSuitesSequentially(TestNG.java:1212)
	at org.testng.TestNG.runSuitesLocally(TestNG.java:1134)
	at org.testng.TestNG.runSuites(TestNG.java:1063)
	at org.testng.TestNG.run(TestNG.java:1031)
	at org.gradle.api.internal.tasks.testing.testng.TestNGTestClassProcessor.runTests(TestNGTestClassProcessor.java:148)
	at org.gradle.api.internal.tasks.testing.testng.TestNGTestClassProcessor.stop(TestNGTestClassProcessor.java:95)
	at org.gradle.api.internal.tasks.testing.SuiteTestClassProcessor.stop(SuiteTestClassProcessor.java:62)
	at java.base/jdk.internal.reflect.DirectMethodHandleAccessor.invoke(DirectMethodHandleAccessor.java:104)
	at java.base/java.lang.reflect.Method.invoke(Method.java:578)
	at org.gradle.internal.dispatch.ReflectionDispatch.dispatch(ReflectionDispatch.java:36)
	at org.gradle.internal.dispatch.ReflectionDispatch.dispatch(ReflectionDispatch.java:24)
	at org.gradle.internal.dispatch.ContextClassLoaderDispatch.dispatch(ContextClassLoaderDispatch.java:33)
	at org.gradle.internal.dispatch.ProxyDispatchAdapter$DispatchingInvocationHandler.invoke(ProxyDispatchAdapter.java:94)
	at jdk.proxy2/jdk.proxy2.$Proxy5.stop(Unknown Source)
	at org.gradle.api.internal.tasks.testing.worker.TestWorker$3.run(TestWorker.java:193)
	at org.gradle.api.internal.tasks.testing.worker.TestWorker.executeAndMaintainThreadName(TestWorker.java:129)
	at org.gradle.api.internal.tasks.testing.worker.TestWorker.execute(TestWorker.java:100)
	at org.gradle.api.internal.tasks.testing.worker.TestWorker.execute(TestWorker.java:60)
	at org.gradle.process.internal.worker.child.ActionExecutionWorker.execute(ActionExecutionWorker.java:56)
	at org.gradle.process.internal.worker.child.SystemApplicationClassLoaderWorker.call(SystemApplicationClassLoaderWorker.java:113)
	at org.gradle.process.internal.worker.child.SystemApplicationClassLoaderWorker.call(SystemApplicationClassLoaderWorker.java:65)
	at worker.org.gradle.process.internal.worker.GradleWorkerMain.run(GradleWorkerMain.java:69)
	at worker.org.gradle.process.internal.worker.GradleWorkerMain.main(GradleWorkerMain.java:74)
</failure>
  </testcase>
  <testcase name="updateClientWithInvalidPhoneNumber" classname="api.client.UpdateClientNegativeTest" time="0.009"/>
  <testcase name="updateClientWithInvalidPostalCode" classname="api.client.UpdateClientNegativeTest" time="0.007">
    <failure message="java.lang.AssertionError: Expected response code to be [400] but was [200]&#13;&#10;Expected: is &lt;400&gt;&#13;&#10;     but: was &lt;200&gt;" type="java.lang.AssertionError">java.lang.AssertionError: Expected response code to be [400] but was [200]
Expected: is &lt;400&gt;
     but: was &lt;200&gt;
	at org.hamcrest.MatcherAssert.assertThat(MatcherAssert.java:20)
	at api.validators.ResponseValidator.assertBadRequest(ResponseValidator.java:51)
	at api.client.UpdateClientNegativeTest.updateClientWithInvalidPostalCode(UpdateClientNegativeTest.java:157)
	at java.base/jdk.internal.reflect.DirectMethodHandleAccessor.invoke(DirectMethodHandleAccessor.java:104)
	at java.base/java.lang.reflect.Method.invoke(Method.java:578)
	at org.testng.internal.MethodInvocationHelper.invokeMethod(MethodInvocationHelper.java:133)
	at org.testng.internal.TestInvoker.invokeMethod(TestInvoker.java:598)
	at org.testng.internal.TestInvoker.invokeTestMethod(TestInvoker.java:173)
	at org.testng.internal.MethodRunner.runInSequence(MethodRunner.java:46)
	at org.testng.internal.TestInvoker$MethodInvocationAgent.invoke(TestInvoker.java:824)
	at org.testng.internal.TestInvoker.invokeTestMethods(TestInvoker.java:146)
	at org.testng.internal.TestMethodWorker.invokeTestMethods(TestMethodWorker.java:146)
	at org.testng.internal.TestMethodWorker.run(TestMethodWorker.java:128)
	at java.base/java.util.ArrayList.forEach(ArrayList.java:1511)
	at org.testng.TestRunner.privateRun(TestRunner.java:794)
	at org.testng.TestRunner.run(TestRunner.java:596)
	at org.testng.SuiteRunner.runTest(SuiteRunner.java:377)
	at org.testng.SuiteRunner.runSequentially(SuiteRunner.java:371)
	at org.testng.SuiteRunner.privateRun(SuiteRunner.java:332)
	at org.testng.SuiteRunner.run(SuiteRunner.java:276)
	at org.testng.SuiteRunnerWorker.runSuite(SuiteRunnerWorker.java:53)
	at org.testng.SuiteRunnerWorker.run(SuiteRunnerWorker.java:96)
	at org.testng.TestNG.runSuitesSequentially(TestNG.java:1212)
	at org.testng.TestNG.runSuitesLocally(TestNG.java:1134)
	at org.testng.TestNG.runSuites(TestNG.java:1063)
	at org.testng.TestNG.run(TestNG.java:1031)
	at org.gradle.api.internal.tasks.testing.testng.TestNGTestClassProcessor.runTests(TestNGTestClassProcessor.java:148)
	at org.gradle.api.internal.tasks.testing.testng.TestNGTestClassProcessor.stop(TestNGTestClassProcessor.java:95)
	at org.gradle.api.internal.tasks.testing.SuiteTestClassProcessor.stop(SuiteTestClassProcessor.java:62)
	at java.base/jdk.internal.reflect.DirectMethodHandleAccessor.invoke(DirectMethodHandleAccessor.java:104)
	at java.base/java.lang.reflect.Method.invoke(Method.java:578)
	at org.gradle.internal.dispatch.ReflectionDispatch.dispatch(ReflectionDispatch.java:36)
	at org.gradle.internal.dispatch.ReflectionDispatch.dispatch(ReflectionDispatch.java:24)
	at org.gradle.internal.dispatch.ContextClassLoaderDispatch.dispatch(ContextClassLoaderDispatch.java:33)
	at org.gradle.internal.dispatch.ProxyDispatchAdapter$DispatchingInvocationHandler.invoke(ProxyDispatchAdapter.java:94)
	at jdk.proxy2/jdk.proxy2.$Proxy5.stop(Unknown Source)
	at org.gradle.api.internal.tasks.testing.worker.TestWorker$3.run(TestWorker.java:193)
	at org.gradle.api.internal.tasks.testing.worker.TestWorker.executeAndMaintainThreadName(TestWorker.java:129)
	at org.gradle.api.internal.tasks.testing.worker.TestWorker.execute(TestWorker.java:100)
	at org.gradle.api.internal.tasks.testing.worker.TestWorker.execute(TestWorker.java:60)
	at org.gradle.process.internal.worker.child.ActionExecutionWorker.execute(ActionExecutionWorker.java:56)
	at org.gradle.process.internal.worker.child.SystemApplicationClassLoaderWorker.call(SystemApplicationClassLoaderWorker.java:113)
	at org.gradle.process.internal.worker.child.SystemApplicationClassLoaderWorker.call(SystemApplicationClassLoaderWorker.java:65)
	at worker.org.gradle.process.internal.worker.GradleWorkerMain.run(GradleWorkerMain.java:69)
	at worker.org.gradle.process.internal.worker.GradleWorkerMain.main(GradleWorkerMain.java:74)
</failure>
  </testcase>
  <testcase name="updateClientWithNegativeIdTest" classname="api.client.UpdateClientNegativeTest" time="0.007">
    <failure message="java.lang.AssertionError: Expected response code to be [400] but was [404]&#13;&#10;Expected: is &lt;400&gt;&#13;&#10;     but: was &lt;404&gt;" type="java.lang.AssertionError">java.lang.AssertionError: Expected response code to be [400] but was [404]
Expected: is &lt;400&gt;
     but: was &lt;404&gt;
	at org.hamcrest.MatcherAssert.assertThat(MatcherAssert.java:20)
	at api.validators.ResponseValidator.assertBadRequest(ResponseValidator.java:51)
	at api.client.UpdateClientNegativeTest.updateClientWithNegativeIdTest(UpdateClientNegativeTest.java:77)
	at java.base/jdk.internal.reflect.DirectMethodHandleAccessor.invoke(DirectMethodHandleAccessor.java:104)
	at java.base/java.lang.reflect.Method.invoke(Method.java:578)
	at org.testng.internal.MethodInvocationHelper.invokeMethod(MethodInvocationHelper.java:133)
	at org.testng.internal.TestInvoker.invokeMethod(TestInvoker.java:598)
	at org.testng.internal.TestInvoker.invokeTestMethod(TestInvoker.java:173)
	at org.testng.internal.MethodRunner.runInSequence(MethodRunner.java:46)
	at org.testng.internal.TestInvoker$MethodInvocationAgent.invoke(TestInvoker.java:824)
	at org.testng.internal.TestInvoker.invokeTestMethods(TestInvoker.java:146)
	at org.testng.internal.TestMethodWorker.invokeTestMethods(TestMethodWorker.java:146)
	at org.testng.internal.TestMethodWorker.run(TestMethodWorker.java:128)
	at java.base/java.util.ArrayList.forEach(ArrayList.java:1511)
	at org.testng.TestRunner.privateRun(TestRunner.java:794)
	at org.testng.TestRunner.run(TestRunner.java:596)
	at org.testng.SuiteRunner.runTest(SuiteRunner.java:377)
	at org.testng.SuiteRunner.runSequentially(SuiteRunner.java:371)
	at org.testng.SuiteRunner.privateRun(SuiteRunner.java:332)
	at org.testng.SuiteRunner.run(SuiteRunner.java:276)
	at org.testng.SuiteRunnerWorker.runSuite(SuiteRunnerWorker.java:53)
	at org.testng.SuiteRunnerWorker.run(SuiteRunnerWorker.java:96)
	at org.testng.TestNG.runSuitesSequentially(TestNG.java:1212)
	at org.testng.TestNG.runSuitesLocally(TestNG.java:1134)
	at org.testng.TestNG.runSuites(TestNG.java:1063)
	at org.testng.TestNG.run(TestNG.java:1031)
	at org.gradle.api.internal.tasks.testing.testng.TestNGTestClassProcessor.runTests(TestNGTestClassProcessor.java:148)
	at org.gradle.api.internal.tasks.testing.testng.TestNGTestClassProcessor.stop(TestNGTestClassProcessor.java:95)
	at org.gradle.api.internal.tasks.testing.SuiteTestClassProcessor.stop(SuiteTestClassProcessor.java:62)
	at java.base/jdk.internal.reflect.DirectMethodHandleAccessor.invoke(DirectMethodHandleAccessor.java:104)
	at java.base/java.lang.reflect.Method.invoke(Method.java:578)
	at org.gradle.internal.dispatch.ReflectionDispatch.dispatch(ReflectionDispatch.java:36)
	at org.gradle.internal.dispatch.ReflectionDispatch.dispatch(ReflectionDispatch.java:24)
	at org.gradle.internal.dispatch.ContextClassLoaderDispatch.dispatch(ContextClassLoaderDispatch.java:33)
	at org.gradle.internal.dispatch.ProxyDispatchAdapter$DispatchingInvocationHandler.invoke(ProxyDispatchAdapter.java:94)
	at jdk.proxy2/jdk.proxy2.$Proxy5.stop(Unknown Source)
	at org.gradle.api.internal.tasks.testing.worker.TestWorker$3.run(TestWorker.java:193)
	at org.gradle.api.internal.tasks.testing.worker.TestWorker.executeAndMaintainThreadName(TestWorker.java:129)
	at org.gradle.api.internal.tasks.testing.worker.TestWorker.execute(TestWorker.java:100)
	at org.gradle.api.internal.tasks.testing.worker.TestWorker.execute(TestWorker.java:60)
	at org.gradle.process.internal.worker.child.ActionExecutionWorker.execute(ActionExecutionWorker.java:56)
	at org.gradle.process.internal.worker.child.SystemApplicationClassLoaderWorker.call(SystemApplicationClassLoaderWorker.java:113)
	at org.gradle.process.internal.worker.child.SystemApplicationClassLoaderWorker.call(SystemApplicationClassLoaderWorker.java:65)
	at worker.org.gradle.process.internal.worker.GradleWorkerMain.run(GradleWorkerMain.java:69)
	at worker.org.gradle.process.internal.worker.GradleWorkerMain.main(GradleWorkerMain.java:74)
</failure>
  </testcase>
  <testcase name="updateNonExistentClientTest" classname="api.client.UpdateClientNegativeTest" time="0.022">
    <failure message="java.lang.AssertionError: Message is not the expected&#13;&#10;Expected: is &quot;Client not found&quot;&#13;&#10;     but: was &quot;Vehicle not found&quot;" type="java.lang.AssertionError">java.lang.AssertionError: Message is not the expected
Expected: is &quot;Client not found&quot;
     but: was &quot;Vehicle not found&quot;
	at org.hamcrest.MatcherAssert.assertThat(MatcherAssert.java:20)
	at api.validators.ErrorResponseValidator.assertErrorResponse(ErrorResponseValidator.java:12)
	at api.client.UpdateClientNegativeTest.updateNonExistentClientTest(UpdateClientNegativeTest.java:56)
	at java.base/jdk.internal.reflect.DirectMethodHandleAccessor.invoke(DirectMethodHandleAccessor.java:104)
	at java.base/java.lang.reflect.Method.invoke(Method.java:578)
	at org.testng.internal.MethodInvocationHelper.invokeMethod(MethodInvocationHelper.java:133)
	at org.testng.internal.TestInvoker.invokeMethod(TestInvoker.java:598)
	at org.testng.internal.TestInvoker.invokeTestMethod(TestInvoker.java:173)
	at org.testng.internal.MethodRunner.runInSequence(MethodRunner.java:46)
	at org.testng.internal.TestInvoker$MethodInvocationAgent.invoke(TestInvoker.java:824)
	at org.testng.internal.TestInvoker.invokeTestMethods(TestInvoker.java:146)
	at org.testng.internal.TestMethodWorker.invokeTestMethods(TestMethodWorker.java:146)
	at org.testng.internal.TestMethodWorker.run(TestMethodWorker.java:128)
	at java.base/java.util.ArrayList.forEach(ArrayList.java:1511)
	at org.testng.TestRunner.privateRun(TestRunner.java:794)
	at org.testng.TestRunner.run(TestRunner.java:596)
	at org.testng.SuiteRunner.runTest(SuiteRunner.java:377)
	at org.testng.SuiteRunner.runSequentially(SuiteRunner.java:371)
	at org.testng.SuiteRunner.privateRun(SuiteRunner.java:332)
	at org.testng.SuiteRunner.run(SuiteRunner.java:276)
	at org.testng.SuiteRunnerWorker.runSuite(SuiteRunnerWorker.java:53)
	at org.testng.SuiteRunnerWorker.run(SuiteRunnerWorker.java:96)
	at org.testng.TestNG.runSuitesSequentially(TestNG.java:1212)
	at org.testng.TestNG.runSuitesLocally(TestNG.java:1134)
	at org.testng.TestNG.runSuites(TestNG.java:1063)
	at org.testng.TestNG.run(TestNG.java:1031)
	at org.gradle.api.internal.tasks.testing.testng.TestNGTestClassProcessor.runTests(TestNGTestClassProcessor.java:148)
	at org.gradle.api.internal.tasks.testing.testng.TestNGTestClassProcessor.stop(TestNGTestClassProcessor.java:95)
	at org.gradle.api.internal.tasks.testing.SuiteTestClassProcessor.stop(SuiteTestClassProcessor.java:62)
	at java.base/jdk.internal.reflect.DirectMethodHandleAccessor.invoke(DirectMethodHandleAccessor.java:104)
	at java.base/java.lang.reflect.Method.invoke(Method.java:578)
	at org.gradle.internal.dispatch.ReflectionDispatch.dispatch(ReflectionDispatch.java:36)
	at org.gradle.internal.dispatch.ReflectionDispatch.dispatch(ReflectionDispatch.java:24)
	at org.gradle.internal.dispatch.ContextClassLoaderDispatch.dispatch(ContextClassLoaderDispatch.java:33)
	at org.gradle.internal.dispatch.ProxyDispatchAdapter$DispatchingInvocationHandler.invoke(ProxyDispatchAdapter.java:94)
	at jdk.proxy2/jdk.proxy2.$Proxy5.stop(Unknown Source)
	at org.gradle.api.internal.tasks.testing.worker.TestWorker$3.run(TestWorker.java:193)
	at org.gradle.api.internal.tasks.testing.worker.TestWorker.executeAndMaintainThreadName(TestWorker.java:129)
	at org.gradle.api.internal.tasks.testing.worker.TestWorker.execute(TestWorker.java:100)
	at org.gradle.api.internal.tasks.testing.worker.TestWorker.execute(TestWorker.java:60)
	at org.gradle.process.internal.worker.child.ActionExecutionWorker.execute(ActionExecutionWorker.java:56)
	at org.gradle.process.internal.worker.child.SystemApplicationClassLoaderWorker.call(SystemApplicationClassLoaderWorker.java:113)
	at org.gradle.process.internal.worker.child.SystemApplicationClassLoaderWorker.call(SystemApplicationClassLoaderWorker.java:65)
	at worker.org.gradle.process.internal.worker.GradleWorkerMain.run(GradleWorkerMain.java:69)
	at worker.org.gradle.process.internal.worker.GradleWorkerMain.main(GradleWorkerMain.java:74)
</failure>
  </testcase>
  <system-out><![CDATA[]]></system-out>
  <system-err><![CDATA[jan. 14, 2024 7:07:50 DA TARDE okhttp3.internal.platform.Platform log
INFO: --> POST http://localhost:8080/client
jan. 14, 2024 7:07:50 DA TARDE okhttp3.internal.platform.Platform log
INFO: Content-Type: application/json; charset=UTF-8
jan. 14, 2024 7:07:50 DA TARDE okhttp3.internal.platform.Platform log
INFO: Content-Length: 236
jan. 14, 2024 7:07:50 DA TARDE okhttp3.internal.platform.Platform log
INFO: 
jan. 14, 2024 7:07:50 DA TARDE okhttp3.internal.platform.Platform log
INFO: {"id":null,"firstName":"Pedro","lastName":"Peyroteo","address":"Rua do Vale, 50","postalCode":"3865-100","city":"Estarreja","country":"Portugal","phoneNumber":910356180,"nif":275713741,"birthDate":"2024-01-14","clientDate":"2024-01-14"}
jan. 14, 2024 7:07:50 DA TARDE okhttp3.internal.platform.Platform log
INFO: --> END POST (236-byte body)
jan. 14, 2024 7:07:50 DA TARDE okhttp3.internal.platform.Platform log
INFO: <-- 201 http://localhost:8080/client (4ms)
jan. 14, 2024 7:07:50 DA TARDE okhttp3.internal.platform.Platform log
INFO: Content-Type: application/json
jan. 14, 2024 7:07:50 DA TARDE okhttp3.internal.platform.Platform log
INFO: Transfer-Encoding: chunked
jan. 14, 2024 7:07:50 DA TARDE okhttp3.internal.platform.Platform log
INFO: Date: Sun, 14 Jan 2024 19:07:49 GMT
jan. 14, 2024 7:07:50 DA TARDE okhttp3.internal.platform.Platform log
INFO: Keep-Alive: timeout=60
jan. 14, 2024 7:07:50 DA TARDE okhttp3.internal.platform.Platform log
INFO: Connection: keep-alive
jan. 14, 2024 7:07:50 DA TARDE okhttp3.internal.platform.Platform log
INFO: 
jan. 14, 2024 7:07:50 DA TARDE okhttp3.internal.platform.Platform log
INFO: 275
jan. 14, 2024 7:07:50 DA TARDE okhttp3.internal.platform.Platform log
INFO: <-- END HTTP (3-byte body)
jan. 14, 2024 7:07:50 DA TARDE okhttp3.internal.platform.Platform log
INFO: --> POST http://localhost:8080/client
jan. 14, 2024 7:07:50 DA TARDE okhttp3.internal.platform.Platform log
INFO: Content-Type: application/json; charset=UTF-8
jan. 14, 2024 7:07:50 DA TARDE okhttp3.internal.platform.Platform log
INFO: Content-Length: 236
jan. 14, 2024 7:07:50 DA TARDE okhttp3.internal.platform.Platform log
INFO: 
jan. 14, 2024 7:07:50 DA TARDE okhttp3.internal.platform.Platform log
INFO: {"id":null,"firstName":"Pedro","lastName":"Peyroteo","address":"Rua do Vale, 50","postalCode":"3865-100","city":"Estarreja","country":"Portugal","phoneNumber":910356180,"nif":275713741,"birthDate":"2024-01-14","clientDate":"2024-01-14"}
jan. 14, 2024 7:07:50 DA TARDE okhttp3.internal.platform.Platform log
INFO: --> END POST (236-byte body)
jan. 14, 2024 7:07:50 DA TARDE okhttp3.internal.platform.Platform log
INFO: <-- 201 http://localhost:8080/client (3ms)
jan. 14, 2024 7:07:50 DA TARDE okhttp3.internal.platform.Platform log
INFO: Content-Type: application/json
jan. 14, 2024 7:07:50 DA TARDE okhttp3.internal.platform.Platform log
INFO: Transfer-Encoding: chunked
jan. 14, 2024 7:07:50 DA TARDE okhttp3.internal.platform.Platform log
INFO: Date: Sun, 14 Jan 2024 19:07:49 GMT
jan. 14, 2024 7:07:50 DA TARDE okhttp3.internal.platform.Platform log
INFO: Keep-Alive: timeout=60
jan. 14, 2024 7:07:50 DA TARDE okhttp3.internal.platform.Platform log
INFO: Connection: keep-alive
jan. 14, 2024 7:07:50 DA TARDE okhttp3.internal.platform.Platform log
INFO: 
jan. 14, 2024 7:07:50 DA TARDE okhttp3.internal.platform.Platform log
INFO: 276
jan. 14, 2024 7:07:50 DA TARDE okhttp3.internal.platform.Platform log
INFO: <-- END HTTP (3-byte body)
jan. 14, 2024 7:07:50 DA TARDE okhttp3.internal.platform.Platform log
INFO: --> PUT http://localhost:8080/client/275
jan. 14, 2024 7:07:50 DA TARDE okhttp3.internal.platform.Platform log
INFO: Content-Type: application/json; charset=UTF-8
jan. 14, 2024 7:07:50 DA TARDE okhttp3.internal.platform.Platform log
INFO: Content-Length: 236
jan. 14, 2024 7:07:50 DA TARDE okhttp3.internal.platform.Platform log
INFO: 
jan. 14, 2024 7:07:50 DA TARDE okhttp3.internal.platform.Platform log
INFO: {"id":null,"firstName":"Pedro","lastName":"Peyroteo","address":"Rua do Vale, 50","postalCode":"3865-100","city":"Estarreja","country":"Portugal","phoneNumber":910356180,"nif":275713741,"birthDate":"2024-01-14","clientDate":"2024-01-14"}
jan. 14, 2024 7:07:50 DA TARDE okhttp3.internal.platform.Platform log
INFO: --> END PUT (236-byte body)
jan. 14, 2024 7:07:50 DA TARDE okhttp3.internal.platform.Platform log
INFO: <-- 200 http://localhost:8080/client/275 (3ms)
jan. 14, 2024 7:07:50 DA TARDE okhttp3.internal.platform.Platform log
INFO: Content-Type: application/json
jan. 14, 2024 7:07:50 DA TARDE okhttp3.internal.platform.Platform log
INFO: Transfer-Encoding: chunked
jan. 14, 2024 7:07:50 DA TARDE okhttp3.internal.platform.Platform log
INFO: Date: Sun, 14 Jan 2024 19:07:49 GMT
jan. 14, 2024 7:07:50 DA TARDE okhttp3.internal.platform.Platform log
INFO: Keep-Alive: timeout=60
jan. 14, 2024 7:07:50 DA TARDE okhttp3.internal.platform.Platform log
INFO: Connection: keep-alive
jan. 14, 2024 7:07:50 DA TARDE okhttp3.internal.platform.Platform log
INFO: 
jan. 14, 2024 7:07:50 DA TARDE okhttp3.internal.platform.Platform log
INFO: 275
jan. 14, 2024 7:07:50 DA TARDE okhttp3.internal.platform.Platform log
INFO: <-- END HTTP (3-byte body)
jan. 14, 2024 7:07:50 DA TARDE okhttp3.internal.platform.Platform log
INFO: --> DELETE http://localhost:8080/client/275
jan. 14, 2024 7:07:50 DA TARDE okhttp3.internal.platform.Platform log
INFO: --> END DELETE
jan. 14, 2024 7:07:50 DA TARDE okhttp3.internal.platform.Platform log
INFO: <-- 204 http://localhost:8080/client/275 (3ms)
jan. 14, 2024 7:07:50 DA TARDE okhttp3.internal.platform.Platform log
INFO: Date: Sun, 14 Jan 2024 19:07:49 GMT
jan. 14, 2024 7:07:50 DA TARDE okhttp3.internal.platform.Platform log
INFO: Keep-Alive: timeout=60
jan. 14, 2024 7:07:50 DA TARDE okhttp3.internal.platform.Platform log
INFO: Connection: keep-alive
jan. 14, 2024 7:07:50 DA TARDE okhttp3.internal.platform.Platform log
INFO: <-- END HTTP
jan. 14, 2024 7:07:50 DA TARDE okhttp3.internal.platform.Platform log
INFO: --> POST http://localhost:8080/client
jan. 14, 2024 7:07:50 DA TARDE okhttp3.internal.platform.Platform log
INFO: Content-Type: application/json; charset=UTF-8
jan. 14, 2024 7:07:50 DA TARDE okhttp3.internal.platform.Platform log
INFO: Content-Length: 236
jan. 14, 2024 7:07:50 DA TARDE okhttp3.internal.platform.Platform log
INFO: 
jan. 14, 2024 7:07:50 DA TARDE okhttp3.internal.platform.Platform log
INFO: {"id":null,"firstName":"Pedro","lastName":"Peyroteo","address":"Rua do Vale, 50","postalCode":"3865-100","city":"Estarreja","country":"Portugal","phoneNumber":910356180,"nif":275713741,"birthDate":"2024-01-14","clientDate":"2024-01-14"}
jan. 14, 2024 7:07:50 DA TARDE okhttp3.internal.platform.Platform log
INFO: --> END POST (236-byte body)
jan. 14, 2024 7:07:50 DA TARDE okhttp3.internal.platform.Platform log
INFO: <-- 201 http://localhost:8080/client (5ms)
jan. 14, 2024 7:07:50 DA TARDE okhttp3.internal.platform.Platform log
INFO: Content-Type: application/json
jan. 14, 2024 7:07:50 DA TARDE okhttp3.internal.platform.Platform log
INFO: Transfer-Encoding: chunked
jan. 14, 2024 7:07:50 DA TARDE okhttp3.internal.platform.Platform log
INFO: Date: Sun, 14 Jan 2024 19:07:49 GMT
jan. 14, 2024 7:07:50 DA TARDE okhttp3.internal.platform.Platform log
INFO: Keep-Alive: timeout=60
jan. 14, 2024 7:07:50 DA TARDE okhttp3.internal.platform.Platform log
INFO: Connection: keep-alive
jan. 14, 2024 7:07:50 DA TARDE okhttp3.internal.platform.Platform log
INFO: 
jan. 14, 2024 7:07:50 DA TARDE okhttp3.internal.platform.Platform log
INFO: 277
jan. 14, 2024 7:07:50 DA TARDE okhttp3.internal.platform.Platform log
INFO: <-- END HTTP (3-byte body)
jan. 14, 2024 7:07:50 DA TARDE okhttp3.internal.platform.Platform log
INFO: --> PUT http://localhost:8080/client/277
jan. 14, 2024 7:07:50 DA TARDE okhttp3.internal.platform.Platform log
INFO: Content-Type: application/json; charset=UTF-8
jan. 14, 2024 7:07:50 DA TARDE okhttp3.internal.platform.Platform log
INFO: Content-Length: 169
jan. 14, 2024 7:07:50 DA TARDE okhttp3.internal.platform.Platform log
INFO: 
jan. 14, 2024 7:07:50 DA TARDE okhttp3.internal.platform.Platform log
INFO: {"id":null,"firstName":null,"lastName":null,"address":null,"postalCode":null,"city":null,"country":null,"phoneNumber":null,"nif":null,"birthDate":null,"clientDate":null}
jan. 14, 2024 7:07:50 DA TARDE okhttp3.internal.platform.Platform log
INFO: --> END PUT (169-byte body)
jan. 14, 2024 7:07:50 DA TARDE okhttp3.internal.platform.Platform log
INFO: <-- 400 http://localhost:8080/client/277 (5ms)
jan. 14, 2024 7:07:50 DA TARDE okhttp3.internal.platform.Platform log
INFO: Content-Type: application/json
jan. 14, 2024 7:07:50 DA TARDE okhttp3.internal.platform.Platform log
INFO: Transfer-Encoding: chunked
jan. 14, 2024 7:07:50 DA TARDE okhttp3.internal.platform.Platform log
INFO: Date: Sun, 14 Jan 2024 19:07:49 GMT
jan. 14, 2024 7:07:50 DA TARDE okhttp3.internal.platform.Platform log
INFO: Connection: close
jan. 14, 2024 7:07:50 DA TARDE okhttp3.internal.platform.Platform log
INFO: 
jan. 14, 2024 7:07:50 DA TARDE okhttp3.internal.platform.Platform log
INFO: {"timestamp":"2024-01-14T19:07:50.586+00:00","status":400,"error":"Bad Request","message":"Invalid Phone Number","path":"/client/277"}
jan. 14, 2024 7:07:50 DA TARDE okhttp3.internal.platform.Platform log
INFO: <-- END HTTP (134-byte body)
java.lang.instrument.IllegalClassFormatException: Error while instrumenting api/mappings/ErrorResponse$ErrorResponseBuilder.
	at org.jacoco.agent.rt.internal_3570298.CoverageTransformer.transform(CoverageTransformer.java:94)
	at java.instrument/java.lang.instrument.ClassFileTransformer.transform(ClassFileTransformer.java:244)
	at java.instrument/sun.instrument.TransformerManager.transform(TransformerManager.java:188)
	at java.instrument/sun.instrument.InstrumentationImpl.transform(InstrumentationImpl.java:541)
	at java.base/java.lang.ClassLoader.defineClass1(Native Method)
	at java.base/java.lang.ClassLoader.defineClass(ClassLoader.java:1013)
	at java.base/java.security.SecureClassLoader.defineClass(SecureClassLoader.java:150)
	at java.base/jdk.internal.loader.BuiltinClassLoader.defineClass(BuiltinClassLoader.java:862)
	at java.base/jdk.internal.loader.BuiltinClassLoader.findClassOnClassPathOrNull(BuiltinClassLoader.java:760)
	at java.base/jdk.internal.loader.BuiltinClassLoader.loadClassOrNull(BuiltinClassLoader.java:681)
	at java.base/jdk.internal.loader.BuiltinClassLoader.loadClass(BuiltinClassLoader.java:639)
	at java.base/jdk.internal.loader.ClassLoaders$AppClassLoader.loadClass(ClassLoaders.java:188)
	at java.base/java.lang.ClassLoader.loadClass(ClassLoader.java:521)
	at api.mappings.ErrorResponse.builder(ErrorResponse.java:13)
	at api.helper.ErrorClientResponses.errorClientInvalidBodyByID(ErrorClientResponses.java:138)
	at api.client.UpdateClientNegativeTest.updateClientNullFieldsTest(UpdateClientNegativeTest.java:90)
	at java.base/jdk.internal.reflect.DirectMethodHandleAccessor.invoke(DirectMethodHandleAccessor.java:104)
	at java.base/java.lang.reflect.Method.invoke(Method.java:578)
	at org.testng.internal.MethodInvocationHelper.invokeMethod(MethodInvocationHelper.java:133)
	at org.testng.internal.TestInvoker.invokeMethod(TestInvoker.java:598)
	at org.testng.internal.TestInvoker.invokeTestMethod(TestInvoker.java:173)
	at org.testng.internal.MethodRunner.runInSequence(MethodRunner.java:46)
	at org.testng.internal.TestInvoker$MethodInvocationAgent.invoke(TestInvoker.java:824)
	at org.testng.internal.TestInvoker.invokeTestMethods(TestInvoker.java:146)
	at org.testng.internal.TestMethodWorker.invokeTestMethods(TestMethodWorker.java:146)
	at org.testng.internal.TestMethodWorker.run(TestMethodWorker.java:128)
	at java.base/java.util.ArrayList.forEach(ArrayList.java:1511)
	at org.testng.TestRunner.privateRun(TestRunner.java:794)
	at org.testng.TestRunner.run(TestRunner.java:596)
	at org.testng.SuiteRunner.runTest(SuiteRunner.java:377)
	at org.testng.SuiteRunner.runSequentially(SuiteRunner.java:371)
	at org.testng.SuiteRunner.privateRun(SuiteRunner.java:332)
	at org.testng.SuiteRunner.run(SuiteRunner.java:276)
	at org.testng.SuiteRunnerWorker.runSuite(SuiteRunnerWorker.java:53)
	at org.testng.SuiteRunnerWorker.run(SuiteRunnerWorker.java:96)
	at org.testng.TestNG.runSuitesSequentially(TestNG.java:1212)
	at org.testng.TestNG.runSuitesLocally(TestNG.java:1134)
	at org.testng.TestNG.runSuites(TestNG.java:1063)
	at org.testng.TestNG.run(TestNG.java:1031)
	at org.gradle.api.internal.tasks.testing.testng.TestNGTestClassProcessor.runTests(TestNGTestClassProcessor.java:148)
	at org.gradle.api.internal.tasks.testing.testng.TestNGTestClassProcessor.stop(TestNGTestClassProcessor.java:95)
	at org.gradle.api.internal.tasks.testing.SuiteTestClassProcessor.stop(SuiteTestClassProcessor.java:62)
	at java.base/jdk.internal.reflect.DirectMethodHandleAccessor.invoke(DirectMethodHandleAccessor.java:104)
	at java.base/java.lang.reflect.Method.invoke(Method.java:578)
	at org.gradle.internal.dispatch.ReflectionDispatch.dispatch(ReflectionDispatch.java:36)
	at org.gradle.internal.dispatch.ReflectionDispatch.dispatch(ReflectionDispatch.java:24)
	at org.gradle.internal.dispatch.ContextClassLoaderDispatch.dispatch(ContextClassLoaderDispatch.java:33)
	at org.gradle.internal.dispatch.ProxyDispatchAdapter$DispatchingInvocationHandler.invoke(ProxyDispatchAdapter.java:94)
	at jdk.proxy2/jdk.proxy2.$Proxy5.stop(Unknown Source)
	at org.gradle.api.internal.tasks.testing.worker.TestWorker$3.run(TestWorker.java:193)
	at org.gradle.api.internal.tasks.testing.worker.TestWorker.executeAndMaintainThreadName(TestWorker.java:129)
	at org.gradle.api.internal.tasks.testing.worker.TestWorker.execute(TestWorker.java:100)
	at org.gradle.api.internal.tasks.testing.worker.TestWorker.execute(TestWorker.java:60)
	at org.gradle.process.internal.worker.child.ActionExecutionWorker.execute(ActionExecutionWorker.java:56)
	at org.gradle.process.internal.worker.child.SystemApplicationClassLoaderWorker.call(SystemApplicationClassLoaderWorker.java:113)
	at org.gradle.process.internal.worker.child.SystemApplicationClassLoaderWorker.call(SystemApplicationClassLoaderWorker.java:65)
	at worker.org.gradle.process.internal.worker.GradleWorkerMain.run(GradleWorkerMain.java:69)
	at worker.org.gradle.process.internal.worker.GradleWorkerMain.main(GradleWorkerMain.java:74)
Caused by: java.io.IOException: Error while instrumenting api/mappings/ErrorResponse$ErrorResponseBuilder.
	at org.jacoco.agent.rt.internal_3570298.core.instr.Instrumenter.instrumentError(Instrumenter.java:160)
	at org.jacoco.agent.rt.internal_3570298.core.instr.Instrumenter.instrument(Instrumenter.java:110)
	at org.jacoco.agent.rt.internal_3570298.CoverageTransformer.transform(CoverageTransformer.java:92)
	... 57 more
Caused by: java.lang.IllegalArgumentException: Unsupported class file major version 63
	at org.jacoco.agent.rt.internal_3570298.asm.ClassReader.<init>(ClassReader.java:196)
	at org.jacoco.agent.rt.internal_3570298.asm.ClassReader.<init>(ClassReader.java:177)
	at org.jacoco.agent.rt.internal_3570298.asm.ClassReader.<init>(ClassReader.java:163)
	at org.jacoco.agent.rt.internal_3570298.core.internal.instr.InstrSupport.classReaderFor(InstrSupport.java:280)
	at org.jacoco.agent.rt.internal_3570298.core.instr.Instrumenter.instrument(Instrumenter.java:76)
	at org.jacoco.agent.rt.internal_3570298.core.instr.Instrumenter.instrument(Instrumenter.java:108)
	... 58 more
java.lang.instrument.IllegalClassFormatException: Error while instrumenting java/sql/Timestamp.
	at org.jacoco.agent.rt.internal_3570298.CoverageTransformer.transform(CoverageTransformer.java:94)
	at java.instrument/java.lang.instrument.ClassFileTransformer.transform(ClassFileTransformer.java:244)
	at java.instrument/sun.instrument.TransformerManager.transform(TransformerManager.java:188)
	at java.instrument/sun.instrument.InstrumentationImpl.transform(InstrumentationImpl.java:541)
	at java.base/java.lang.ClassLoader.defineClass2(Native Method)
	at java.base/java.lang.ClassLoader.defineClass(ClassLoader.java:1104)
	at java.base/java.security.SecureClassLoader.defineClass(SecureClassLoader.java:182)
	at java.base/jdk.internal.loader.BuiltinClassLoader.defineClass(BuiltinClassLoader.java:821)
	at java.base/jdk.internal.loader.BuiltinClassLoader.findClassInModuleOrNull(BuiltinClassLoader.java:741)
	at java.base/jdk.internal.loader.BuiltinClassLoader.loadClassOrNull(BuiltinClassLoader.java:665)
	at java.base/jdk.internal.loader.BuiltinClassLoader.loadClassOrNull(BuiltinClassLoader.java:700)
	at java.base/jdk.internal.loader.BuiltinClassLoader.loadClassOrNull(BuiltinClassLoader.java:669)
	at java.base/jdk.internal.loader.BuiltinClassLoader.loadClass(BuiltinClassLoader.java:639)
	at java.base/jdk.internal.loader.ClassLoaders$AppClassLoader.loadClass(ClassLoaders.java:188)
	at java.base/java.lang.ClassLoader.loadClass(ClassLoader.java:521)
	at api.helper.ErrorClientResponses.errorClientInvalidBodyByID(ErrorClientResponses.java:138)
	at api.client.UpdateClientNegativeTest.updateClientNullFieldsTest(UpdateClientNegativeTest.java:90)
	at java.base/jdk.internal.reflect.DirectMethodHandleAccessor.invoke(DirectMethodHandleAccessor.java:104)
	at java.base/java.lang.reflect.Method.invoke(Method.java:578)
	at org.testng.internal.MethodInvocationHelper.invokeMethod(MethodInvocationHelper.java:133)
	at org.testng.internal.TestInvoker.invokeMethod(TestInvoker.java:598)
	at org.testng.internal.TestInvoker.invokeTestMethod(TestInvoker.java:173)
	at org.testng.internal.MethodRunner.runInSequence(MethodRunner.java:46)
	at org.testng.internal.TestInvoker$MethodInvocationAgent.invoke(TestInvoker.java:824)
	at org.testng.internal.TestInvoker.invokeTestMethods(TestInvoker.java:146)
	at org.testng.internal.TestMethodWorker.invokeTestMethods(TestMethodWorker.java:146)
	at org.testng.internal.TestMethodWorker.run(TestMethodWorker.java:128)
	at java.base/java.util.ArrayList.forEach(ArrayList.java:1511)
	at org.testng.TestRunner.privateRun(TestRunner.java:794)
	at org.testng.TestRunner.run(TestRunner.java:596)
	at org.testng.SuiteRunner.runTest(SuiteRunner.java:377)
	at org.testng.SuiteRunner.runSequentially(SuiteRunner.java:371)
	at org.testng.SuiteRunner.privateRun(SuiteRunner.java:332)
	at org.testng.SuiteRunner.run(SuiteRunner.java:276)
	at org.testng.SuiteRunnerWorker.runSuite(SuiteRunnerWorker.java:53)
	at org.testng.SuiteRunnerWorker.run(SuiteRunnerWorker.java:96)
	at org.testng.TestNG.runSuitesSequentially(TestNG.java:1212)
	at org.testng.TestNG.runSuitesLocally(TestNG.java:1134)
	at org.testng.TestNG.runSuites(TestNG.java:1063)
	at org.testng.TestNG.run(TestNG.java:1031)
	at org.gradle.api.internal.tasks.testing.testng.TestNGTestClassProcessor.runTests(TestNGTestClassProcessor.java:148)
	at org.gradle.api.internal.tasks.testing.testng.TestNGTestClassProcessor.stop(TestNGTestClassProcessor.java:95)
	at org.gradle.api.internal.tasks.testing.SuiteTestClassProcessor.stop(SuiteTestClassProcessor.java:62)
	at java.base/jdk.internal.reflect.DirectMethodHandleAccessor.invoke(DirectMethodHandleAccessor.java:104)
	at java.base/java.lang.reflect.Method.invoke(Method.java:578)
	at org.gradle.internal.dispatch.ReflectionDispatch.dispatch(ReflectionDispatch.java:36)
	at org.gradle.internal.dispatch.ReflectionDispatch.dispatch(ReflectionDispatch.java:24)
	at org.gradle.internal.dispatch.ContextClassLoaderDispatch.dispatch(ContextClassLoaderDispatch.java:33)
	at org.gradle.internal.dispatch.ProxyDispatchAdapter$DispatchingInvocationHandler.invoke(ProxyDispatchAdapter.java:94)
	at jdk.proxy2/jdk.proxy2.$Proxy5.stop(Unknown Source)
	at org.gradle.api.internal.tasks.testing.worker.TestWorker$3.run(TestWorker.java:193)
	at org.gradle.api.internal.tasks.testing.worker.TestWorker.executeAndMaintainThreadName(TestWorker.java:129)
	at org.gradle.api.internal.tasks.testing.worker.TestWorker.execute(TestWorker.java:100)
	at org.gradle.api.internal.tasks.testing.worker.TestWorker.execute(TestWorker.java:60)
	at org.gradle.process.internal.worker.child.ActionExecutionWorker.execute(ActionExecutionWorker.java:56)
	at org.gradle.process.internal.worker.child.SystemApplicationClassLoaderWorker.call(SystemApplicationClassLoaderWorker.java:113)
	at org.gradle.process.internal.worker.child.SystemApplicationClassLoaderWorker.call(SystemApplicationClassLoaderWorker.java:65)
	at worker.org.gradle.process.internal.worker.GradleWorkerMain.run(GradleWorkerMain.java:69)
	at worker.org.gradle.process.internal.worker.GradleWorkerMain.main(GradleWorkerMain.java:74)
Caused by: java.io.IOException: Error while instrumenting java/sql/Timestamp.
	at org.jacoco.agent.rt.internal_3570298.core.instr.Instrumenter.instrumentError(Instrumenter.java:160)
	at org.jacoco.agent.rt.internal_3570298.core.instr.Instrumenter.instrument(Instrumenter.java:110)
	at org.jacoco.agent.rt.internal_3570298.CoverageTransformer.transform(CoverageTransformer.java:92)
	... 58 more
Caused by: java.lang.IllegalArgumentException: Unsupported class file major version 63
	at org.jacoco.agent.rt.internal_3570298.asm.ClassReader.<init>(ClassReader.java:196)
	at org.jacoco.agent.rt.internal_3570298.asm.ClassReader.<init>(ClassReader.java:177)
	at org.jacoco.agent.rt.internal_3570298.asm.ClassReader.<init>(ClassReader.java:163)
	at org.jacoco.agent.rt.internal_3570298.core.internal.instr.InstrSupport.classReaderFor(InstrSupport.java:280)
	at org.jacoco.agent.rt.internal_3570298.core.instr.Instrumenter.instrument(Instrumenter.java:76)
	at org.jacoco.agent.rt.internal_3570298.core.instr.Instrumenter.instrument(Instrumenter.java:108)
	... 59 more
java.lang.instrument.IllegalClassFormatException: Error while instrumenting api/retrofit/garage/Error.
	at org.jacoco.agent.rt.internal_3570298.CoverageTransformer.transform(CoverageTransformer.java:94)
	at java.instrument/java.lang.instrument.ClassFileTransformer.transform(ClassFileTransformer.java:244)
	at java.instrument/sun.instrument.TransformerManager.transform(TransformerManager.java:188)
	at java.instrument/sun.instrument.InstrumentationImpl.transform(InstrumentationImpl.java:541)
	at java.base/java.lang.ClassLoader.defineClass1(Native Method)
	at java.base/java.lang.ClassLoader.defineClass(ClassLoader.java:1013)
	at java.base/java.security.SecureClassLoader.defineClass(SecureClassLoader.java:150)
	at java.base/jdk.internal.loader.BuiltinClassLoader.defineClass(BuiltinClassLoader.java:862)
	at java.base/jdk.internal.loader.BuiltinClassLoader.findClassOnClassPathOrNull(BuiltinClassLoader.java:760)
	at java.base/jdk.internal.loader.BuiltinClassLoader.loadClassOrNull(BuiltinClassLoader.java:681)
	at java.base/jdk.internal.loader.BuiltinClassLoader.loadClass(BuiltinClassLoader.java:639)
	at java.base/jdk.internal.loader.ClassLoaders$AppClassLoader.loadClass(ClassLoaders.java:188)
	at java.base/java.lang.ClassLoader.loadClass(ClassLoader.java:521)
	at api.client.UpdateClientNegativeTest.updateClientNullFieldsTest(UpdateClientNegativeTest.java:91)
	at java.base/jdk.internal.reflect.DirectMethodHandleAccessor.invoke(DirectMethodHandleAccessor.java:104)
	at java.base/java.lang.reflect.Method.invoke(Method.java:578)
	at org.testng.internal.MethodInvocationHelper.invokeMethod(MethodInvocationHelper.java:133)
	at org.testng.internal.TestInvoker.invokeMethod(TestInvoker.java:598)
	at org.testng.internal.TestInvoker.invokeTestMethod(TestInvoker.java:173)
	at org.testng.internal.MethodRunner.runInSequence(MethodRunner.java:46)
	at org.testng.internal.TestInvoker$MethodInvocationAgent.invoke(TestInvoker.java:824)
	at org.testng.internal.TestInvoker.invokeTestMethods(TestInvoker.java:146)
	at org.testng.internal.TestMethodWorker.invokeTestMethods(TestMethodWorker.java:146)
	at org.testng.internal.TestMethodWorker.run(TestMethodWorker.java:128)
	at java.base/java.util.ArrayList.forEach(ArrayList.java:1511)
	at org.testng.TestRunner.privateRun(TestRunner.java:794)
	at org.testng.TestRunner.run(TestRunner.java:596)
	at org.testng.SuiteRunner.runTest(SuiteRunner.java:377)
	at org.testng.SuiteRunner.runSequentially(SuiteRunner.java:371)
	at org.testng.SuiteRunner.privateRun(SuiteRunner.java:332)
	at org.testng.SuiteRunner.run(SuiteRunner.java:276)
	at org.testng.SuiteRunnerWorker.runSuite(SuiteRunnerWorker.java:53)
	at org.testng.SuiteRunnerWorker.run(SuiteRunnerWorker.java:96)
	at org.testng.TestNG.runSuitesSequentially(TestNG.java:1212)
	at org.testng.TestNG.runSuitesLocally(TestNG.java:1134)
	at org.testng.TestNG.runSuites(TestNG.java:1063)
	at org.testng.TestNG.run(TestNG.java:1031)
	at org.gradle.api.internal.tasks.testing.testng.TestNGTestClassProcessor.runTests(TestNGTestClassProcessor.java:148)
	at org.gradle.api.internal.tasks.testing.testng.TestNGTestClassProcessor.stop(TestNGTestClassProcessor.java:95)
	at org.gradle.api.internal.tasks.testing.SuiteTestClassProcessor.stop(SuiteTestClassProcessor.java:62)
	at java.base/jdk.internal.reflect.DirectMethodHandleAccessor.invoke(DirectMethodHandleAccessor.java:104)
	at java.base/java.lang.reflect.Method.invoke(Method.java:578)
	at org.gradle.internal.dispatch.ReflectionDispatch.dispatch(ReflectionDispatch.java:36)
	at org.gradle.internal.dispatch.ReflectionDispatch.dispatch(ReflectionDispatch.java:24)
	at org.gradle.internal.dispatch.ContextClassLoaderDispatch.dispatch(ContextClassLoaderDispatch.java:33)
	at org.gradle.internal.dispatch.ProxyDispatchAdapter$DispatchingInvocationHandler.invoke(ProxyDispatchAdapter.java:94)
	at jdk.proxy2/jdk.proxy2.$Proxy5.stop(Unknown Source)
	at org.gradle.api.internal.tasks.testing.worker.TestWorker$3.run(TestWorker.java:193)
	at org.gradle.api.internal.tasks.testing.worker.TestWorker.executeAndMaintainThreadName(TestWorker.java:129)
	at org.gradle.api.internal.tasks.testing.worker.TestWorker.execute(TestWorker.java:100)
	at org.gradle.api.internal.tasks.testing.worker.TestWorker.execute(TestWorker.java:60)
	at org.gradle.process.internal.worker.child.ActionExecutionWorker.execute(ActionExecutionWorker.java:56)
	at org.gradle.process.internal.worker.child.SystemApplicationClassLoaderWorker.call(SystemApplicationClassLoaderWorker.java:113)
	at org.gradle.process.internal.worker.child.SystemApplicationClassLoaderWorker.call(SystemApplicationClassLoaderWorker.java:65)
	at worker.org.gradle.process.internal.worker.GradleWorkerMain.run(GradleWorkerMain.java:69)
	at worker.org.gradle.process.internal.worker.GradleWorkerMain.main(GradleWorkerMain.java:74)
Caused by: java.io.IOException: Error while instrumenting api/retrofit/garage/Error.
	at org.jacoco.agent.rt.internal_3570298.core.instr.Instrumenter.instrumentError(Instrumenter.java:160)
	at org.jacoco.agent.rt.internal_3570298.core.instr.Instrumenter.instrument(Instrumenter.java:110)
	at org.jacoco.agent.rt.internal_3570298.CoverageTransformer.transform(CoverageTransformer.java:92)
	... 55 more
Caused by: java.lang.IllegalArgumentException: Unsupported class file major version 63
	at org.jacoco.agent.rt.internal_3570298.asm.ClassReader.<init>(ClassReader.java:196)
	at org.jacoco.agent.rt.internal_3570298.asm.ClassReader.<init>(ClassReader.java:177)
	at org.jacoco.agent.rt.internal_3570298.asm.ClassReader.<init>(ClassReader.java:163)
	at org.jacoco.agent.rt.internal_3570298.core.internal.instr.InstrSupport.classReaderFor(InstrSupport.java:280)
	at org.jacoco.agent.rt.internal_3570298.core.instr.Instrumenter.instrument(Instrumenter.java:76)
	at org.jacoco.agent.rt.internal_3570298.core.instr.Instrumenter.instrument(Instrumenter.java:108)
	... 56 more
java.lang.instrument.IllegalClassFormatException: Error while instrumenting api/validators/ErrorResponseValidator.
	at org.jacoco.agent.rt.internal_3570298.CoverageTransformer.transform(CoverageTransformer.java:94)
	at java.instrument/java.lang.instrument.ClassFileTransformer.transform(ClassFileTransformer.java:244)
	at java.instrument/sun.instrument.TransformerManager.transform(TransformerManager.java:188)
	at java.instrument/sun.instrument.InstrumentationImpl.transform(InstrumentationImpl.java:541)
	at java.base/java.lang.ClassLoader.defineClass1(Native Method)
	at java.base/java.lang.ClassLoader.defineClass(ClassLoader.java:1013)
	at java.base/java.security.SecureClassLoader.defineClass(SecureClassLoader.java:150)
	at java.base/jdk.internal.loader.BuiltinClassLoader.defineClass(BuiltinClassLoader.java:862)
	at java.base/jdk.internal.loader.BuiltinClassLoader.findClassOnClassPathOrNull(BuiltinClassLoader.java:760)
	at java.base/jdk.internal.loader.BuiltinClassLoader.loadClassOrNull(BuiltinClassLoader.java:681)
	at java.base/jdk.internal.loader.BuiltinClassLoader.loadClass(BuiltinClassLoader.java:639)
	at java.base/jdk.internal.loader.ClassLoaders$AppClassLoader.loadClass(ClassLoaders.java:188)
	at java.base/java.lang.ClassLoader.loadClass(ClassLoader.java:521)
	at api.client.UpdateClientNegativeTest.updateClientNullFieldsTest(UpdateClientNegativeTest.java:91)
	at java.base/jdk.internal.reflect.DirectMethodHandleAccessor.invoke(DirectMethodHandleAccessor.java:104)
	at java.base/java.lang.reflect.Method.invoke(Method.java:578)
	at org.testng.internal.MethodInvocationHelper.invokeMethod(MethodInvocationHelper.java:133)
	at org.testng.internal.TestInvoker.invokeMethod(TestInvoker.java:598)
	at org.testng.internal.TestInvoker.invokeTestMethod(TestInvoker.java:173)
	at org.testng.internal.MethodRunner.runInSequence(MethodRunner.java:46)
	at org.testng.internal.TestInvoker$MethodInvocationAgent.invoke(TestInvoker.java:824)
	at org.testng.internal.TestInvoker.invokeTestMethods(TestInvoker.java:146)
	at org.testng.internal.TestMethodWorker.invokeTestMethods(TestMethodWorker.java:146)
	at org.testng.internal.TestMethodWorker.run(TestMethodWorker.java:128)
	at java.base/java.util.ArrayList.forEach(ArrayList.java:1511)
	at org.testng.TestRunner.privateRun(TestRunner.java:794)
	at org.testng.TestRunner.run(TestRunner.java:596)
	at org.testng.SuiteRunner.runTest(SuiteRunner.java:377)
	at org.testng.SuiteRunner.runSequentially(SuiteRunner.java:371)
	at org.testng.SuiteRunner.privateRun(SuiteRunner.java:332)
	at org.testng.SuiteRunner.run(SuiteRunner.java:276)
	at org.testng.SuiteRunnerWorker.runSuite(SuiteRunnerWorker.java:53)
	at org.testng.SuiteRunnerWorker.run(SuiteRunnerWorker.java:96)
	at org.testng.TestNG.runSuitesSequentially(TestNG.java:1212)
	at org.testng.TestNG.runSuitesLocally(TestNG.java:1134)
	at org.testng.TestNG.runSuites(TestNG.java:1063)
	at org.testng.TestNG.run(TestNG.java:1031)
	at org.gradle.api.internal.tasks.testing.testng.TestNGTestClassProcessor.runTests(TestNGTestClassProcessor.java:148)
	at org.gradle.api.internal.tasks.testing.testng.TestNGTestClassProcessor.stop(TestNGTestClassProcessor.java:95)
	at org.gradle.api.internal.tasks.testing.SuiteTestClassProcessor.stop(SuiteTestClassProcessor.java:62)
	at java.base/jdk.internal.reflect.DirectMethodHandleAccessor.invoke(DirectMethodHandleAccessor.java:104)
	at java.base/java.lang.reflect.Method.invoke(Method.java:578)
	at org.gradle.internal.dispatch.ReflectionDispatch.dispatch(ReflectionDispatch.java:36)
	at org.gradle.internal.dispatch.ReflectionDispatch.dispatch(ReflectionDispatch.java:24)
	at org.gradle.internal.dispatch.ContextClassLoaderDispatch.dispatch(ContextClassLoaderDispatch.java:33)
	at org.gradle.internal.dispatch.ProxyDispatchAdapter$DispatchingInvocationHandler.invoke(ProxyDispatchAdapter.java:94)
	at jdk.proxy2/jdk.proxy2.$Proxy5.stop(Unknown Source)
	at org.gradle.api.internal.tasks.testing.worker.TestWorker$3.run(TestWorker.java:193)
	at org.gradle.api.internal.tasks.testing.worker.TestWorker.executeAndMaintainThreadName(TestWorker.java:129)
	at org.gradle.api.internal.tasks.testing.worker.TestWorker.execute(TestWorker.java:100)
	at org.gradle.api.internal.tasks.testing.worker.TestWorker.execute(TestWorker.java:60)
	at org.gradle.process.internal.worker.child.ActionExecutionWorker.execute(ActionExecutionWorker.java:56)
	at org.gradle.process.internal.worker.child.SystemApplicationClassLoaderWorker.call(SystemApplicationClassLoaderWorker.java:113)
	at org.gradle.process.internal.worker.child.SystemApplicationClassLoaderWorker.call(SystemApplicationClassLoaderWorker.java:65)
	at worker.org.gradle.process.internal.worker.GradleWorkerMain.run(GradleWorkerMain.java:69)
	at worker.org.gradle.process.internal.worker.GradleWorkerMain.main(GradleWorkerMain.java:74)
Caused by: java.io.IOException: Error while instrumenting api/validators/ErrorResponseValidator.
	at org.jacoco.agent.rt.internal_3570298.core.instr.Instrumenter.instrumentError(Instrumenter.java:160)
	at org.jacoco.agent.rt.internal_3570298.core.instr.Instrumenter.instrument(Instrumenter.java:110)
	at org.jacoco.agent.rt.internal_3570298.CoverageTransformer.transform(CoverageTransformer.java:92)
	... 55 more
Caused by: java.lang.IllegalArgumentException: Unsupported class file major version 63
	at org.jacoco.agent.rt.internal_3570298.asm.ClassReader.<init>(ClassReader.java:196)
	at org.jacoco.agent.rt.internal_3570298.asm.ClassReader.<init>(ClassReader.java:177)
	at org.jacoco.agent.rt.internal_3570298.asm.ClassReader.<init>(ClassReader.java:163)
	at org.jacoco.agent.rt.internal_3570298.core.internal.instr.InstrSupport.classReaderFor(InstrSupport.java:280)
	at org.jacoco.agent.rt.internal_3570298.core.instr.Instrumenter.instrument(Instrumenter.java:76)
	at org.jacoco.agent.rt.internal_3570298.core.instr.Instrumenter.instrument(Instrumenter.java:108)
	... 56 more
jan. 14, 2024 7:07:50 DA TARDE okhttp3.internal.platform.Platform log
INFO: --> DELETE http://localhost:8080/client/277
jan. 14, 2024 7:07:50 DA TARDE okhttp3.internal.platform.Platform log
INFO: --> END DELETE
jan. 14, 2024 7:07:50 DA TARDE okhttp3.internal.platform.Platform log
INFO: <-- 204 http://localhost:8080/client/277 (4ms)
jan. 14, 2024 7:07:50 DA TARDE okhttp3.internal.platform.Platform log
INFO: Date: Sun, 14 Jan 2024 19:07:49 GMT
jan. 14, 2024 7:07:50 DA TARDE okhttp3.internal.platform.Platform log
INFO: Keep-Alive: timeout=60
jan. 14, 2024 7:07:50 DA TARDE okhttp3.internal.platform.Platform log
INFO: Connection: keep-alive
jan. 14, 2024 7:07:50 DA TARDE okhttp3.internal.platform.Platform log
INFO: <-- END HTTP
jan. 14, 2024 7:07:50 DA TARDE okhttp3.internal.platform.Platform log
INFO: --> POST http://localhost:8080/client
jan. 14, 2024 7:07:50 DA TARDE okhttp3.internal.platform.Platform log
INFO: Content-Type: application/json; charset=UTF-8
jan. 14, 2024 7:07:50 DA TARDE okhttp3.internal.platform.Platform log
INFO: Content-Length: 236
jan. 14, 2024 7:07:50 DA TARDE okhttp3.internal.platform.Platform log
INFO: 
jan. 14, 2024 7:07:50 DA TARDE okhttp3.internal.platform.Platform log
INFO: {"id":null,"firstName":"Pedro","lastName":"Peyroteo","address":"Rua do Vale, 50","postalCode":"3865-100","city":"Estarreja","country":"Portugal","phoneNumber":910356180,"nif":275713741,"birthDate":"2024-01-14","clientDate":"2024-01-14"}
jan. 14, 2024 7:07:50 DA TARDE okhttp3.internal.platform.Platform log
INFO: --> END POST (236-byte body)
jan. 14, 2024 7:07:50 DA TARDE okhttp3.internal.platform.Platform log
INFO: <-- 201 http://localhost:8080/client (3ms)
jan. 14, 2024 7:07:50 DA TARDE okhttp3.internal.platform.Platform log
INFO: Content-Type: application/json
jan. 14, 2024 7:07:50 DA TARDE okhttp3.internal.platform.Platform log
INFO: Transfer-Encoding: chunked
jan. 14, 2024 7:07:50 DA TARDE okhttp3.internal.platform.Platform log
INFO: Date: Sun, 14 Jan 2024 19:07:49 GMT
jan. 14, 2024 7:07:50 DA TARDE okhttp3.internal.platform.Platform log
INFO: Keep-Alive: timeout=60
jan. 14, 2024 7:07:50 DA TARDE okhttp3.internal.platform.Platform log
INFO: Connection: keep-alive
jan. 14, 2024 7:07:50 DA TARDE okhttp3.internal.platform.Platform log
INFO: 
jan. 14, 2024 7:07:50 DA TARDE okhttp3.internal.platform.Platform log
INFO: 278
jan. 14, 2024 7:07:50 DA TARDE okhttp3.internal.platform.Platform log
INFO: <-- END HTTP (3-byte body)
jan. 14, 2024 7:07:50 DA TARDE okhttp3.internal.platform.Platform log
INFO: --> PUT http://localhost:8080/client/278
jan. 14, 2024 7:07:50 DA TARDE okhttp3.internal.platform.Platform log
INFO: Content-Type: application/json; charset=UTF-8
jan. 14, 2024 7:07:50 DA TARDE okhttp3.internal.platform.Platform log
INFO: Content-Length: 236
jan. 14, 2024 7:07:50 DA TARDE okhttp3.internal.platform.Platform log
INFO: 
jan. 14, 2024 7:07:50 DA TARDE okhttp3.internal.platform.Platform log
INFO: {"id":null,"firstName":"Pedro","lastName":"Peyroteo","address":"Rua do Vale, 50","postalCode":"3865-100","city":"Estarreja","country":"Portugal","phoneNumber":910356180,"nif":275713741,"birthDate":"2024-01-18","clientDate":"2024-01-14"}
jan. 14, 2024 7:07:50 DA TARDE okhttp3.internal.platform.Platform log
INFO: --> END PUT (236-byte body)
jan. 14, 2024 7:07:50 DA TARDE okhttp3.internal.platform.Platform log
INFO: <-- 200 http://localhost:8080/client/278 (6ms)
jan. 14, 2024 7:07:50 DA TARDE okhttp3.internal.platform.Platform log
INFO: Content-Type: application/json
jan. 14, 2024 7:07:50 DA TARDE okhttp3.internal.platform.Platform log
INFO: Transfer-Encoding: chunked
jan. 14, 2024 7:07:50 DA TARDE okhttp3.internal.platform.Platform log
INFO: Date: Sun, 14 Jan 2024 19:07:49 GMT
jan. 14, 2024 7:07:50 DA TARDE okhttp3.internal.platform.Platform log
INFO: Keep-Alive: timeout=60
jan. 14, 2024 7:07:50 DA TARDE okhttp3.internal.platform.Platform log
INFO: Connection: keep-alive
jan. 14, 2024 7:07:50 DA TARDE okhttp3.internal.platform.Platform log
INFO: 
jan. 14, 2024 7:07:50 DA TARDE okhttp3.internal.platform.Platform log
INFO: 278
jan. 14, 2024 7:07:50 DA TARDE okhttp3.internal.platform.Platform log
INFO: <-- END HTTP (3-byte body)
jan. 14, 2024 7:07:50 DA TARDE okhttp3.internal.platform.Platform log
INFO: --> DELETE http://localhost:8080/client/278
jan. 14, 2024 7:07:50 DA TARDE okhttp3.internal.platform.Platform log
INFO: --> END DELETE
jan. 14, 2024 7:07:50 DA TARDE okhttp3.internal.platform.Platform log
INFO: <-- 204 http://localhost:8080/client/278 (4ms)
jan. 14, 2024 7:07:50 DA TARDE okhttp3.internal.platform.Platform log
INFO: Date: Sun, 14 Jan 2024 19:07:49 GMT
jan. 14, 2024 7:07:50 DA TARDE okhttp3.internal.platform.Platform log
INFO: Keep-Alive: timeout=60
jan. 14, 2024 7:07:50 DA TARDE okhttp3.internal.platform.Platform log
INFO: Connection: keep-alive
jan. 14, 2024 7:07:50 DA TARDE okhttp3.internal.platform.Platform log
INFO: <-- END HTTP
jan. 14, 2024 7:07:50 DA TARDE okhttp3.internal.platform.Platform log
INFO: --> POST http://localhost:8080/client
jan. 14, 2024 7:07:50 DA TARDE okhttp3.internal.platform.Platform log
INFO: Content-Type: application/json; charset=UTF-8
jan. 14, 2024 7:07:50 DA TARDE okhttp3.internal.platform.Platform log
INFO: Content-Length: 236
jan. 14, 2024 7:07:50 DA TARDE okhttp3.internal.platform.Platform log
INFO: 
jan. 14, 2024 7:07:50 DA TARDE okhttp3.internal.platform.Platform log
INFO: {"id":null,"firstName":"Pedro","lastName":"Peyroteo","address":"Rua do Vale, 50","postalCode":"3865-100","city":"Estarreja","country":"Portugal","phoneNumber":910356180,"nif":275713741,"birthDate":"2024-01-14","clientDate":"2024-01-14"}
jan. 14, 2024 7:07:50 DA TARDE okhttp3.internal.platform.Platform log
INFO: --> END POST (236-byte body)
jan. 14, 2024 7:07:50 DA TARDE okhttp3.internal.platform.Platform log
INFO: <-- 201 http://localhost:8080/client (3ms)
jan. 14, 2024 7:07:50 DA TARDE okhttp3.internal.platform.Platform log
INFO: Content-Type: application/json
jan. 14, 2024 7:07:50 DA TARDE okhttp3.internal.platform.Platform log
INFO: Transfer-Encoding: chunked
jan. 14, 2024 7:07:50 DA TARDE okhttp3.internal.platform.Platform log
INFO: Date: Sun, 14 Jan 2024 19:07:49 GMT
jan. 14, 2024 7:07:50 DA TARDE okhttp3.internal.platform.Platform log
INFO: Keep-Alive: timeout=60
jan. 14, 2024 7:07:50 DA TARDE okhttp3.internal.platform.Platform log
INFO: Connection: keep-alive
jan. 14, 2024 7:07:50 DA TARDE okhttp3.internal.platform.Platform log
INFO: 
jan. 14, 2024 7:07:50 DA TARDE okhttp3.internal.platform.Platform log
INFO: 279
jan. 14, 2024 7:07:50 DA TARDE okhttp3.internal.platform.Platform log
INFO: <-- END HTTP (3-byte body)
jan. 14, 2024 7:07:50 DA TARDE okhttp3.internal.platform.Platform log
INFO: --> PUT http://localhost:8080/client/279
jan. 14, 2024 7:07:50 DA TARDE okhttp3.internal.platform.Platform log
INFO: Content-Type: application/json; charset=UTF-8
jan. 14, 2024 7:07:50 DA TARDE okhttp3.internal.platform.Platform log
INFO: Content-Length: 236
jan. 14, 2024 7:07:50 DA TARDE okhttp3.internal.platform.Platform log
INFO: 
jan. 14, 2024 7:07:50 DA TARDE okhttp3.internal.platform.Platform log
INFO: {"id":null,"firstName":"Pedro","lastName":"Peyroteo","address":"Rua do Vale, 50","postalCode":"3865-100","city":"Estarreja","country":"Portugal","phoneNumber":910356180,"nif":275713741,"birthDate":"2024-01-14","clientDate":"2024-01-21"}
jan. 14, 2024 7:07:50 DA TARDE okhttp3.internal.platform.Platform log
INFO: --> END PUT (236-byte body)
jan. 14, 2024 7:07:50 DA TARDE okhttp3.internal.platform.Platform log
INFO: <-- 200 http://localhost:8080/client/279 (6ms)
jan. 14, 2024 7:07:50 DA TARDE okhttp3.internal.platform.Platform log
INFO: Content-Type: application/json
jan. 14, 2024 7:07:50 DA TARDE okhttp3.internal.platform.Platform log
INFO: Transfer-Encoding: chunked
jan. 14, 2024 7:07:50 DA TARDE okhttp3.internal.platform.Platform log
INFO: Date: Sun, 14 Jan 2024 19:07:49 GMT
jan. 14, 2024 7:07:50 DA TARDE okhttp3.internal.platform.Platform log
INFO: Keep-Alive: timeout=60
jan. 14, 2024 7:07:50 DA TARDE okhttp3.internal.platform.Platform log
INFO: Connection: keep-alive
jan. 14, 2024 7:07:50 DA TARDE okhttp3.internal.platform.Platform log
INFO: 
jan. 14, 2024 7:07:50 DA TARDE okhttp3.internal.platform.Platform log
INFO: 279
jan. 14, 2024 7:07:50 DA TARDE okhttp3.internal.platform.Platform log
INFO: <-- END HTTP (3-byte body)
jan. 14, 2024 7:07:50 DA TARDE okhttp3.internal.platform.Platform log
INFO: --> DELETE http://localhost:8080/client/279
jan. 14, 2024 7:07:50 DA TARDE okhttp3.internal.platform.Platform log
INFO: --> END DELETE
jan. 14, 2024 7:07:50 DA TARDE okhttp3.internal.platform.Platform log
INFO: <-- 204 http://localhost:8080/client/279 (3ms)
jan. 14, 2024 7:07:50 DA TARDE okhttp3.internal.platform.Platform log
INFO: Date: Sun, 14 Jan 2024 19:07:49 GMT
jan. 14, 2024 7:07:50 DA TARDE okhttp3.internal.platform.Platform log
INFO: Keep-Alive: timeout=60
jan. 14, 2024 7:07:50 DA TARDE okhttp3.internal.platform.Platform log
INFO: Connection: keep-alive
jan. 14, 2024 7:07:50 DA TARDE okhttp3.internal.platform.Platform log
INFO: <-- END HTTP
jan. 14, 2024 7:07:50 DA TARDE okhttp3.internal.platform.Platform log
INFO: --> POST http://localhost:8080/client
jan. 14, 2024 7:07:50 DA TARDE okhttp3.internal.platform.Platform log
INFO: Content-Type: application/json; charset=UTF-8
jan. 14, 2024 7:07:50 DA TARDE okhttp3.internal.platform.Platform log
INFO: Content-Length: 236
jan. 14, 2024 7:07:50 DA TARDE okhttp3.internal.platform.Platform log
INFO: 
jan. 14, 2024 7:07:50 DA TARDE okhttp3.internal.platform.Platform log
INFO: {"id":null,"firstName":"Pedro","lastName":"Peyroteo","address":"Rua do Vale, 50","postalCode":"3865-100","city":"Estarreja","country":"Portugal","phoneNumber":910356180,"nif":275713741,"birthDate":"2024-01-14","clientDate":"2024-01-14"}
jan. 14, 2024 7:07:50 DA TARDE okhttp3.internal.platform.Platform log
INFO: --> END POST (236-byte body)
jan. 14, 2024 7:07:50 DA TARDE okhttp3.internal.platform.Platform log
INFO: <-- 201 http://localhost:8080/client (4ms)
jan. 14, 2024 7:07:50 DA TARDE okhttp3.internal.platform.Platform log
INFO: Content-Type: application/json
jan. 14, 2024 7:07:50 DA TARDE okhttp3.internal.platform.Platform log
INFO: Transfer-Encoding: chunked
jan. 14, 2024 7:07:50 DA TARDE okhttp3.internal.platform.Platform log
INFO: Date: Sun, 14 Jan 2024 19:07:49 GMT
jan. 14, 2024 7:07:50 DA TARDE okhttp3.internal.platform.Platform log
INFO: Keep-Alive: timeout=60
jan. 14, 2024 7:07:50 DA TARDE okhttp3.internal.platform.Platform log
INFO: Connection: keep-alive
jan. 14, 2024 7:07:50 DA TARDE okhttp3.internal.platform.Platform log
INFO: 
jan. 14, 2024 7:07:50 DA TARDE okhttp3.internal.platform.Platform log
INFO: 280
jan. 14, 2024 7:07:50 DA TARDE okhttp3.internal.platform.Platform log
INFO: <-- END HTTP (3-byte body)
jan. 14, 2024 7:07:50 DA TARDE okhttp3.internal.platform.Platform log
INFO: --> PUT http://localhost:8080/client/280
jan. 14, 2024 7:07:50 DA TARDE okhttp3.internal.platform.Platform log
INFO: Content-Type: application/json; charset=UTF-8
jan. 14, 2024 7:07:50 DA TARDE okhttp3.internal.platform.Platform log
INFO: Content-Length: 233
jan. 14, 2024 7:07:50 DA TARDE okhttp3.internal.platform.Platform log
INFO: 
jan. 14, 2024 7:07:50 DA TARDE okhttp3.internal.platform.Platform log
INFO: {"id":2,"firstName":"Pedro","lastName":"Peyroteo","address":"Rua do Vale, 50","postalCode":"3865-100","city":"Estarreja","country":"Portugal","phoneNumber":910356180,"nif":275713741,"birthDate":"2024-01-14","clientDate":"2024-01-14"}
jan. 14, 2024 7:07:50 DA TARDE okhttp3.internal.platform.Platform log
INFO: --> END PUT (233-byte body)
jan. 14, 2024 7:07:50 DA TARDE okhttp3.internal.platform.Platform log
INFO: <-- 400 http://localhost:8080/client/280 (2ms)
jan. 14, 2024 7:07:50 DA TARDE okhttp3.internal.platform.Platform log
INFO: Content-Type: application/json
jan. 14, 2024 7:07:50 DA TARDE okhttp3.internal.platform.Platform log
INFO: Transfer-Encoding: chunked
jan. 14, 2024 7:07:50 DA TARDE okhttp3.internal.platform.Platform log
INFO: Date: Sun, 14 Jan 2024 19:07:49 GMT
jan. 14, 2024 7:07:50 DA TARDE okhttp3.internal.platform.Platform log
INFO: Connection: close
jan. 14, 2024 7:07:50 DA TARDE okhttp3.internal.platform.Platform log
INFO: 
jan. 14, 2024 7:07:50 DA TARDE okhttp3.internal.platform.Platform log
INFO: {"timestamp":"2024-01-14T19:07:50.666+00:00","status":400,"error":"Bad Request","message":"Id on body should be null on Update","path":"/client/280"}
jan. 14, 2024 7:07:50 DA TARDE okhttp3.internal.platform.Platform log
INFO: <-- END HTTP (149-byte body)
jan. 14, 2024 7:07:50 DA TARDE okhttp3.internal.platform.Platform log
INFO: --> DELETE http://localhost:8080/client/280
jan. 14, 2024 7:07:50 DA TARDE okhttp3.internal.platform.Platform log
INFO: --> END DELETE
jan. 14, 2024 7:07:50 DA TARDE okhttp3.internal.platform.Platform log
INFO: <-- 204 http://localhost:8080/client/280 (5ms)
jan. 14, 2024 7:07:50 DA TARDE okhttp3.internal.platform.Platform log
INFO: Date: Sun, 14 Jan 2024 19:07:49 GMT
jan. 14, 2024 7:07:50 DA TARDE okhttp3.internal.platform.Platform log
INFO: Keep-Alive: timeout=60
jan. 14, 2024 7:07:50 DA TARDE okhttp3.internal.platform.Platform log
INFO: Connection: keep-alive
jan. 14, 2024 7:07:50 DA TARDE okhttp3.internal.platform.Platform log
INFO: <-- END HTTP
jan. 14, 2024 7:07:50 DA TARDE okhttp3.internal.platform.Platform log
INFO: --> POST http://localhost:8080/client
jan. 14, 2024 7:07:50 DA TARDE okhttp3.internal.platform.Platform log
INFO: Content-Type: application/json; charset=UTF-8
jan. 14, 2024 7:07:50 DA TARDE okhttp3.internal.platform.Platform log
INFO: Content-Length: 236
jan. 14, 2024 7:07:50 DA TARDE okhttp3.internal.platform.Platform log
INFO: 
jan. 14, 2024 7:07:50 DA TARDE okhttp3.internal.platform.Platform log
INFO: {"id":null,"firstName":"Pedro","lastName":"Peyroteo","address":"Rua do Vale, 50","postalCode":"3865-100","city":"Estarreja","country":"Portugal","phoneNumber":910356180,"nif":275713741,"birthDate":"2024-01-14","clientDate":"2024-01-14"}
jan. 14, 2024 7:07:50 DA TARDE okhttp3.internal.platform.Platform log
INFO: --> END POST (236-byte body)
jan. 14, 2024 7:07:50 DA TARDE okhttp3.internal.platform.Platform log
INFO: <-- 201 http://localhost:8080/client (3ms)
jan. 14, 2024 7:07:50 DA TARDE okhttp3.internal.platform.Platform log
INFO: Content-Type: application/json
jan. 14, 2024 7:07:50 DA TARDE okhttp3.internal.platform.Platform log
INFO: Transfer-Encoding: chunked
jan. 14, 2024 7:07:50 DA TARDE okhttp3.internal.platform.Platform log
INFO: Date: Sun, 14 Jan 2024 19:07:49 GMT
jan. 14, 2024 7:07:50 DA TARDE okhttp3.internal.platform.Platform log
INFO: Keep-Alive: timeout=60
jan. 14, 2024 7:07:50 DA TARDE okhttp3.internal.platform.Platform log
INFO: Connection: keep-alive
jan. 14, 2024 7:07:50 DA TARDE okhttp3.internal.platform.Platform log
INFO: 
jan. 14, 2024 7:07:50 DA TARDE okhttp3.internal.platform.Platform log
INFO: 281
jan. 14, 2024 7:07:50 DA TARDE okhttp3.internal.platform.Platform log
INFO: <-- END HTTP (3-byte body)
jan. 14, 2024 7:07:50 DA TARDE okhttp3.internal.platform.Platform log
INFO: --> PUT http://localhost:8080/client/0
jan. 14, 2024 7:07:50 DA TARDE okhttp3.internal.platform.Platform log
INFO: Content-Type: application/json; charset=UTF-8
jan. 14, 2024 7:07:50 DA TARDE okhttp3.internal.platform.Platform log
INFO: Content-Length: 236
jan. 14, 2024 7:07:50 DA TARDE okhttp3.internal.platform.Platform log
INFO: 
jan. 14, 2024 7:07:50 DA TARDE okhttp3.internal.platform.Platform log
INFO: {"id":null,"firstName":"Pedro","lastName":"Peyroteo","address":"Rua do Vale, 50","postalCode":"3865-100","city":"Estarreja","country":"Portugal","phoneNumber":910356180,"nif":275713741,"birthDate":"2024-01-14","clientDate":"2024-01-14"}
jan. 14, 2024 7:07:50 DA TARDE okhttp3.internal.platform.Platform log
INFO: --> END PUT (236-byte body)
jan. 14, 2024 7:07:50 DA TARDE okhttp3.internal.platform.Platform log
INFO: <-- 404 http://localhost:8080/client/0 (4ms)
jan. 14, 2024 7:07:50 DA TARDE okhttp3.internal.platform.Platform log
INFO: Content-Type: application/json
jan. 14, 2024 7:07:50 DA TARDE okhttp3.internal.platform.Platform log
INFO: Transfer-Encoding: chunked
jan. 14, 2024 7:07:50 DA TARDE okhttp3.internal.platform.Platform log
INFO: Date: Sun, 14 Jan 2024 19:07:49 GMT
jan. 14, 2024 7:07:50 DA TARDE okhttp3.internal.platform.Platform log
INFO: Keep-Alive: timeout=60
jan. 14, 2024 7:07:50 DA TARDE okhttp3.internal.platform.Platform log
INFO: Connection: keep-alive
jan. 14, 2024 7:07:50 DA TARDE okhttp3.internal.platform.Platform log
INFO: 
jan. 14, 2024 7:07:50 DA TARDE okhttp3.internal.platform.Platform log
INFO: {"timestamp":"2024-01-14T19:07:50.687+00:00","status":404,"error":"Not Found","message":"Vehicle not found","path":"/client/0"}
jan. 14, 2024 7:07:50 DA TARDE okhttp3.internal.platform.Platform log
INFO: <-- END HTTP (127-byte body)
jan. 14, 2024 7:07:50 DA TARDE okhttp3.internal.platform.Platform log
INFO: --> DELETE http://localhost:8080/client/281
jan. 14, 2024 7:07:50 DA TARDE okhttp3.internal.platform.Platform log
INFO: --> END DELETE
jan. 14, 2024 7:07:50 DA TARDE okhttp3.internal.platform.Platform log
INFO: <-- 204 http://localhost:8080/client/281 (9ms)
jan. 14, 2024 7:07:50 DA TARDE okhttp3.internal.platform.Platform log
INFO: Date: Sun, 14 Jan 2024 19:07:49 GMT
jan. 14, 2024 7:07:50 DA TARDE okhttp3.internal.platform.Platform log
INFO: Keep-Alive: timeout=60
jan. 14, 2024 7:07:50 DA TARDE okhttp3.internal.platform.Platform log
INFO: Connection: keep-alive
jan. 14, 2024 7:07:50 DA TARDE okhttp3.internal.platform.Platform log
INFO: <-- END HTTP
jan. 14, 2024 7:07:50 DA TARDE okhttp3.internal.platform.Platform log
INFO: --> POST http://localhost:8080/client
jan. 14, 2024 7:07:50 DA TARDE okhttp3.internal.platform.Platform log
INFO: Content-Type: application/json; charset=UTF-8
jan. 14, 2024 7:07:50 DA TARDE okhttp3.internal.platform.Platform log
INFO: Content-Length: 236
jan. 14, 2024 7:07:50 DA TARDE okhttp3.internal.platform.Platform log
INFO: 
jan. 14, 2024 7:07:50 DA TARDE okhttp3.internal.platform.Platform log
INFO: {"id":null,"firstName":"Pedro","lastName":"Peyroteo","address":"Rua do Vale, 50","postalCode":"3865-100","city":"Estarreja","country":"Portugal","phoneNumber":910356180,"nif":275713741,"birthDate":"2024-01-14","clientDate":"2024-01-14"}
jan. 14, 2024 7:07:50 DA TARDE okhttp3.internal.platform.Platform log
INFO: --> END POST (236-byte body)
jan. 14, 2024 7:07:50 DA TARDE okhttp3.internal.platform.Platform log
INFO: <-- 201 http://localhost:8080/client (4ms)
jan. 14, 2024 7:07:50 DA TARDE okhttp3.internal.platform.Platform log
INFO: Content-Type: application/json
jan. 14, 2024 7:07:50 DA TARDE okhttp3.internal.platform.Platform log
INFO: Transfer-Encoding: chunked
jan. 14, 2024 7:07:50 DA TARDE okhttp3.internal.platform.Platform log
INFO: Date: Sun, 14 Jan 2024 19:07:49 GMT
jan. 14, 2024 7:07:50 DA TARDE okhttp3.internal.platform.Platform log
INFO: Keep-Alive: timeout=60
jan. 14, 2024 7:07:50 DA TARDE okhttp3.internal.platform.Platform log
INFO: Connection: keep-alive
jan. 14, 2024 7:07:50 DA TARDE okhttp3.internal.platform.Platform log
INFO: 
jan. 14, 2024 7:07:50 DA TARDE okhttp3.internal.platform.Platform log
INFO: 282
jan. 14, 2024 7:07:50 DA TARDE okhttp3.internal.platform.Platform log
INFO: <-- END HTTP (3-byte body)
jan. 14, 2024 7:07:50 DA TARDE okhttp3.internal.platform.Platform log
INFO: --> PUT http://localhost:8080/client/282
jan. 14, 2024 7:07:50 DA TARDE okhttp3.internal.platform.Platform log
INFO: Content-Type: application/json; charset=UTF-8
jan. 14, 2024 7:07:50 DA TARDE okhttp3.internal.platform.Platform log
INFO: Content-Length: 235
jan. 14, 2024 7:07:50 DA TARDE okhttp3.internal.platform.Platform log
INFO: 
jan. 14, 2024 7:07:50 DA TARDE okhttp3.internal.platform.Platform log
INFO: {"id":null,"firstName":"Pedro","lastName":"Peyroteo","address":"Rua do Vale, 50","postalCode":"3865-100","city":"Estarreja","country":"Portugal","phoneNumber":91356180,"nif":275713741,"birthDate":"2024-01-14","clientDate":"2024-01-14"}
jan. 14, 2024 7:07:50 DA TARDE okhttp3.internal.platform.Platform log
INFO: --> END PUT (235-byte body)
jan. 14, 2024 7:07:50 DA TARDE okhttp3.internal.platform.Platform log
INFO: <-- 400 http://localhost:8080/client/282 (6ms)
jan. 14, 2024 7:07:50 DA TARDE okhttp3.internal.platform.Platform log
INFO: Content-Type: application/json
jan. 14, 2024 7:07:50 DA TARDE okhttp3.internal.platform.Platform log
INFO: Transfer-Encoding: chunked
jan. 14, 2024 7:07:50 DA TARDE okhttp3.internal.platform.Platform log
INFO: Date: Sun, 14 Jan 2024 19:07:49 GMT
jan. 14, 2024 7:07:50 DA TARDE okhttp3.internal.platform.Platform log
INFO: Connection: close
jan. 14, 2024 7:07:50 DA TARDE okhttp3.internal.platform.Platform log
INFO: 
jan. 14, 2024 7:07:50 DA TARDE okhttp3.internal.platform.Platform log
INFO: {"timestamp":"2024-01-14T19:07:50.717+00:00","status":400,"error":"Bad Request","message":"Invalid Phone Number","path":"/client/282"}
jan. 14, 2024 7:07:50 DA TARDE okhttp3.internal.platform.Platform log
INFO: <-- END HTTP (134-byte body)
jan. 14, 2024 7:07:50 DA TARDE okhttp3.internal.platform.Platform log
INFO: --> DELETE http://localhost:8080/client/282
jan. 14, 2024 7:07:50 DA TARDE okhttp3.internal.platform.Platform log
INFO: --> END DELETE
jan. 14, 2024 7:07:50 DA TARDE okhttp3.internal.platform.Platform log
INFO: <-- 204 http://localhost:8080/client/282 (6ms)
jan. 14, 2024 7:07:50 DA TARDE okhttp3.internal.platform.Platform log
INFO: Date: Sun, 14 Jan 2024 19:07:49 GMT
jan. 14, 2024 7:07:50 DA TARDE okhttp3.internal.platform.Platform log
INFO: Keep-Alive: timeout=60
jan. 14, 2024 7:07:50 DA TARDE okhttp3.internal.platform.Platform log
INFO: Connection: keep-alive
jan. 14, 2024 7:07:50 DA TARDE okhttp3.internal.platform.Platform log
INFO: <-- END HTTP
jan. 14, 2024 7:07:50 DA TARDE okhttp3.internal.platform.Platform log
INFO: --> POST http://localhost:8080/client
jan. 14, 2024 7:07:50 DA TARDE okhttp3.internal.platform.Platform log
INFO: Content-Type: application/json; charset=UTF-8
jan. 14, 2024 7:07:50 DA TARDE okhttp3.internal.platform.Platform log
INFO: Content-Length: 236
jan. 14, 2024 7:07:50 DA TARDE okhttp3.internal.platform.Platform log
INFO: 
jan. 14, 2024 7:07:50 DA TARDE okhttp3.internal.platform.Platform log
INFO: {"id":null,"firstName":"Pedro","lastName":"Peyroteo","address":"Rua do Vale, 50","postalCode":"3865-100","city":"Estarreja","country":"Portugal","phoneNumber":910356180,"nif":275713741,"birthDate":"2024-01-14","clientDate":"2024-01-14"}
jan. 14, 2024 7:07:50 DA TARDE okhttp3.internal.platform.Platform log
INFO: --> END POST (236-byte body)
jan. 14, 2024 7:07:50 DA TARDE okhttp3.internal.platform.Platform log
INFO: <-- 201 http://localhost:8080/client (2ms)
jan. 14, 2024 7:07:50 DA TARDE okhttp3.internal.platform.Platform log
INFO: Content-Type: application/json
jan. 14, 2024 7:07:50 DA TARDE okhttp3.internal.platform.Platform log
INFO: Transfer-Encoding: chunked
jan. 14, 2024 7:07:50 DA TARDE okhttp3.internal.platform.Platform log
INFO: Date: Sun, 14 Jan 2024 19:07:49 GMT
jan. 14, 2024 7:07:50 DA TARDE okhttp3.internal.platform.Platform log
INFO: Keep-Alive: timeout=60
jan. 14, 2024 7:07:50 DA TARDE okhttp3.internal.platform.Platform log
INFO: Connection: keep-alive
jan. 14, 2024 7:07:50 DA TARDE okhttp3.internal.platform.Platform log
INFO: 
jan. 14, 2024 7:07:50 DA TARDE okhttp3.internal.platform.Platform log
INFO: 283
jan. 14, 2024 7:07:50 DA TARDE okhttp3.internal.platform.Platform log
INFO: <-- END HTTP (3-byte body)
jan. 14, 2024 7:07:50 DA TARDE okhttp3.internal.platform.Platform log
INFO: --> PUT http://localhost:8080/client/283
jan. 14, 2024 7:07:50 DA TARDE okhttp3.internal.platform.Platform log
INFO: Content-Type: application/json; charset=UTF-8
jan. 14, 2024 7:07:50 DA TARDE okhttp3.internal.platform.Platform log
INFO: Content-Length: 235
jan. 14, 2024 7:07:50 DA TARDE okhttp3.internal.platform.Platform log
INFO: 
jan. 14, 2024 7:07:50 DA TARDE okhttp3.internal.platform.Platform log
INFO: {"id":null,"firstName":"Pedro","lastName":"Peyroteo","address":"Rua do Vale, 50","postalCode":"3765122","city":"Estarreja","country":"Portugal","phoneNumber":910356180,"nif":275713741,"birthDate":"2024-01-14","clientDate":"2024-01-14"}
jan. 14, 2024 7:07:50 DA TARDE okhttp3.internal.platform.Platform log
INFO: --> END PUT (235-byte body)
jan. 14, 2024 7:07:50 DA TARDE okhttp3.internal.platform.Platform log
INFO: <-- 200 http://localhost:8080/client/283 (3ms)
jan. 14, 2024 7:07:50 DA TARDE okhttp3.internal.platform.Platform log
INFO: Content-Type: application/json
jan. 14, 2024 7:07:50 DA TARDE okhttp3.internal.platform.Platform log
INFO: Transfer-Encoding: chunked
jan. 14, 2024 7:07:50 DA TARDE okhttp3.internal.platform.Platform log
INFO: Date: Sun, 14 Jan 2024 19:07:49 GMT
jan. 14, 2024 7:07:50 DA TARDE okhttp3.internal.platform.Platform log
INFO: Keep-Alive: timeout=60
jan. 14, 2024 7:07:50 DA TARDE okhttp3.internal.platform.Platform log
INFO: Connection: keep-alive
jan. 14, 2024 7:07:50 DA TARDE okhttp3.internal.platform.Platform log
INFO: 
jan. 14, 2024 7:07:50 DA TARDE okhttp3.internal.platform.Platform log
INFO: 283
jan. 14, 2024 7:07:50 DA TARDE okhttp3.internal.platform.Platform log
INFO: <-- END HTTP (3-byte body)
jan. 14, 2024 7:07:50 DA TARDE okhttp3.internal.platform.Platform log
INFO: --> DELETE http://localhost:8080/client/283
jan. 14, 2024 7:07:50 DA TARDE okhttp3.internal.platform.Platform log
INFO: --> END DELETE
jan. 14, 2024 7:07:50 DA TARDE okhttp3.internal.platform.Platform log
INFO: <-- 204 http://localhost:8080/client/283 (4ms)
jan. 14, 2024 7:07:50 DA TARDE okhttp3.internal.platform.Platform log
INFO: Date: Sun, 14 Jan 2024 19:07:49 GMT
jan. 14, 2024 7:07:50 DA TARDE okhttp3.internal.platform.Platform log
INFO: Keep-Alive: timeout=60
jan. 14, 2024 7:07:50 DA TARDE okhttp3.internal.platform.Platform log
INFO: Connection: keep-alive
jan. 14, 2024 7:07:50 DA TARDE okhttp3.internal.platform.Platform log
INFO: <-- END HTTP
jan. 14, 2024 7:07:50 DA TARDE okhttp3.internal.platform.Platform log
INFO: --> POST http://localhost:8080/client
jan. 14, 2024 7:07:50 DA TARDE okhttp3.internal.platform.Platform log
INFO: Content-Type: application/json; charset=UTF-8
jan. 14, 2024 7:07:50 DA TARDE okhttp3.internal.platform.Platform log
INFO: Content-Length: 236
jan. 14, 2024 7:07:50 DA TARDE okhttp3.internal.platform.Platform log
INFO: 
jan. 14, 2024 7:07:50 DA TARDE okhttp3.internal.platform.Platform log
INFO: {"id":null,"firstName":"Pedro","lastName":"Peyroteo","address":"Rua do Vale, 50","postalCode":"3865-100","city":"Estarreja","country":"Portugal","phoneNumber":910356180,"nif":275713741,"birthDate":"2024-01-14","clientDate":"2024-01-14"}
jan. 14, 2024 7:07:50 DA TARDE okhttp3.internal.platform.Platform log
INFO: --> END POST (236-byte body)
jan. 14, 2024 7:07:50 DA TARDE okhttp3.internal.platform.Platform log
INFO: <-- 201 http://localhost:8080/client (6ms)
jan. 14, 2024 7:07:50 DA TARDE okhttp3.internal.platform.Platform log
INFO: Content-Type: application/json
jan. 14, 2024 7:07:50 DA TARDE okhttp3.internal.platform.Platform log
INFO: Transfer-Encoding: chunked
jan. 14, 2024 7:07:50 DA TARDE okhttp3.internal.platform.Platform log
INFO: Date: Sun, 14 Jan 2024 19:07:49 GMT
jan. 14, 2024 7:07:50 DA TARDE okhttp3.internal.platform.Platform log
INFO: Keep-Alive: timeout=60
jan. 14, 2024 7:07:50 DA TARDE okhttp3.internal.platform.Platform log
INFO: Connection: keep-alive
jan. 14, 2024 7:07:50 DA TARDE okhttp3.internal.platform.Platform log
INFO: 
jan. 14, 2024 7:07:50 DA TARDE okhttp3.internal.platform.Platform log
INFO: 284
jan. 14, 2024 7:07:50 DA TARDE okhttp3.internal.platform.Platform log
INFO: <-- END HTTP (3-byte body)
jan. 14, 2024 7:07:50 DA TARDE okhttp3.internal.platform.Platform log
INFO: --> PUT http://localhost:8080/client/-1
jan. 14, 2024 7:07:50 DA TARDE okhttp3.internal.platform.Platform log
INFO: Content-Type: application/json; charset=UTF-8
jan. 14, 2024 7:07:50 DA TARDE okhttp3.internal.platform.Platform log
INFO: Content-Length: 236
jan. 14, 2024 7:07:50 DA TARDE okhttp3.internal.platform.Platform log
INFO: 
jan. 14, 2024 7:07:50 DA TARDE okhttp3.internal.platform.Platform log
INFO: {"id":null,"firstName":"Pedro","lastName":"Peyroteo","address":"Rua do Vale, 50","postalCode":"3865-100","city":"Estarreja","country":"Portugal","phoneNumber":910356180,"nif":275713741,"birthDate":"2024-01-14","clientDate":"2024-01-14"}
jan. 14, 2024 7:07:50 DA TARDE okhttp3.internal.platform.Platform log
INFO: --> END PUT (236-byte body)
jan. 14, 2024 7:07:50 DA TARDE okhttp3.internal.platform.Platform log
INFO: <-- 404 http://localhost:8080/client/-1 (4ms)
jan. 14, 2024 7:07:50 DA TARDE okhttp3.internal.platform.Platform log
INFO: Content-Type: application/json
jan. 14, 2024 7:07:50 DA TARDE okhttp3.internal.platform.Platform log
INFO: Transfer-Encoding: chunked
jan. 14, 2024 7:07:50 DA TARDE okhttp3.internal.platform.Platform log
INFO: Date: Sun, 14 Jan 2024 19:07:49 GMT
jan. 14, 2024 7:07:50 DA TARDE okhttp3.internal.platform.Platform log
INFO: Keep-Alive: timeout=60
jan. 14, 2024 7:07:50 DA TARDE okhttp3.internal.platform.Platform log
INFO: Connection: keep-alive
jan. 14, 2024 7:07:50 DA TARDE okhttp3.internal.platform.Platform log
INFO: 
jan. 14, 2024 7:07:50 DA TARDE okhttp3.internal.platform.Platform log
INFO: {"timestamp":"2024-01-14T19:07:50.761+00:00","status":404,"error":"Not Found","message":"Vehicle not found","path":"/client/-1"}
jan. 14, 2024 7:07:50 DA TARDE okhttp3.internal.platform.Platform log
INFO: <-- END HTTP (128-byte body)
jan. 14, 2024 7:07:50 DA TARDE okhttp3.internal.platform.Platform log
INFO: --> DELETE http://localhost:8080/client/284
jan. 14, 2024 7:07:50 DA TARDE okhttp3.internal.platform.Platform log
INFO: --> END DELETE
jan. 14, 2024 7:07:50 DA TARDE okhttp3.internal.platform.Platform log
INFO: <-- 204 http://localhost:8080/client/284 (4ms)
jan. 14, 2024 7:07:50 DA TARDE okhttp3.internal.platform.Platform log
INFO: Date: Sun, 14 Jan 2024 19:07:49 GMT
jan. 14, 2024 7:07:50 DA TARDE okhttp3.internal.platform.Platform log
INFO: Keep-Alive: timeout=60
jan. 14, 2024 7:07:50 DA TARDE okhttp3.internal.platform.Platform log
INFO: Connection: keep-alive
jan. 14, 2024 7:07:50 DA TARDE okhttp3.internal.platform.Platform log
INFO: <-- END HTTP
jan. 14, 2024 7:07:50 DA TARDE okhttp3.internal.platform.Platform log
INFO: --> POST http://localhost:8080/client
jan. 14, 2024 7:07:50 DA TARDE okhttp3.internal.platform.Platform log
INFO: Content-Type: application/json; charset=UTF-8
jan. 14, 2024 7:07:50 DA TARDE okhttp3.internal.platform.Platform log
INFO: Content-Length: 236
jan. 14, 2024 7:07:50 DA TARDE okhttp3.internal.platform.Platform log
INFO: 
jan. 14, 2024 7:07:50 DA TARDE okhttp3.internal.platform.Platform log
INFO: {"id":null,"firstName":"Pedro","lastName":"Peyroteo","address":"Rua do Vale, 50","postalCode":"3865-100","city":"Estarreja","country":"Portugal","phoneNumber":910356180,"nif":275713741,"birthDate":"2024-01-14","clientDate":"2024-01-14"}
jan. 14, 2024 7:07:50 DA TARDE okhttp3.internal.platform.Platform log
INFO: --> END POST (236-byte body)
jan. 14, 2024 7:07:50 DA TARDE okhttp3.internal.platform.Platform log
INFO: <-- 201 http://localhost:8080/client (6ms)
jan. 14, 2024 7:07:50 DA TARDE okhttp3.internal.platform.Platform log
INFO: Content-Type: application/json
jan. 14, 2024 7:07:50 DA TARDE okhttp3.internal.platform.Platform log
INFO: Transfer-Encoding: chunked
jan. 14, 2024 7:07:50 DA TARDE okhttp3.internal.platform.Platform log
INFO: Date: Sun, 14 Jan 2024 19:07:49 GMT
jan. 14, 2024 7:07:50 DA TARDE okhttp3.internal.platform.Platform log
INFO: Keep-Alive: timeout=60
jan. 14, 2024 7:07:50 DA TARDE okhttp3.internal.platform.Platform log
INFO: Connection: keep-alive
jan. 14, 2024 7:07:50 DA TARDE okhttp3.internal.platform.Platform log
INFO: 
jan. 14, 2024 7:07:50 DA TARDE okhttp3.internal.platform.Platform log
INFO: 285
jan. 14, 2024 7:07:50 DA TARDE okhttp3.internal.platform.Platform log
INFO: <-- END HTTP (3-byte body)
jan. 14, 2024 7:07:50 DA TARDE okhttp3.internal.platform.Platform log
INFO: --> DELETE http://localhost:8080/client/285
jan. 14, 2024 7:07:50 DA TARDE okhttp3.internal.platform.Platform log
INFO: --> END DELETE
jan. 14, 2024 7:07:50 DA TARDE okhttp3.internal.platform.Platform log
INFO: <-- 204 http://localhost:8080/client/285 (7ms)
jan. 14, 2024 7:07:50 DA TARDE okhttp3.internal.platform.Platform log
INFO: Date: Sun, 14 Jan 2024 19:07:49 GMT
jan. 14, 2024 7:07:50 DA TARDE okhttp3.internal.platform.Platform log
INFO: Keep-Alive: timeout=60
jan. 14, 2024 7:07:50 DA TARDE okhttp3.internal.platform.Platform log
INFO: Connection: keep-alive
jan. 14, 2024 7:07:50 DA TARDE okhttp3.internal.platform.Platform log
INFO: <-- END HTTP
jan. 14, 2024 7:07:50 DA TARDE okhttp3.internal.platform.Platform log
INFO: --> PUT http://localhost:8080/client/285
jan. 14, 2024 7:07:50 DA TARDE okhttp3.internal.platform.Platform log
INFO: Content-Type: application/json; charset=UTF-8
jan. 14, 2024 7:07:50 DA TARDE okhttp3.internal.platform.Platform log
INFO: Content-Length: 236
jan. 14, 2024 7:07:50 DA TARDE okhttp3.internal.platform.Platform log
INFO: 
jan. 14, 2024 7:07:50 DA TARDE okhttp3.internal.platform.Platform log
INFO: {"id":null,"firstName":"Pedro","lastName":"Peyroteo","address":"Rua do Vale, 50","postalCode":"3865-100","city":"Estarreja","country":"Portugal","phoneNumber":910356180,"nif":275713741,"birthDate":"2024-01-14","clientDate":"2024-01-14"}
jan. 14, 2024 7:07:50 DA TARDE okhttp3.internal.platform.Platform log
INFO: --> END PUT (236-byte body)
jan. 14, 2024 7:07:50 DA TARDE okhttp3.internal.platform.Platform log
INFO: <-- 404 http://localhost:8080/client/285 (11ms)
jan. 14, 2024 7:07:50 DA TARDE okhttp3.internal.platform.Platform log
INFO: Content-Type: application/json
jan. 14, 2024 7:07:50 DA TARDE okhttp3.internal.platform.Platform log
INFO: Transfer-Encoding: chunked
jan. 14, 2024 7:07:50 DA TARDE okhttp3.internal.platform.Platform log
INFO: Date: Sun, 14 Jan 2024 19:07:49 GMT
jan. 14, 2024 7:07:50 DA TARDE okhttp3.internal.platform.Platform log
INFO: Keep-Alive: timeout=60
jan. 14, 2024 7:07:50 DA TARDE okhttp3.internal.platform.Platform log
INFO: Connection: keep-alive
jan. 14, 2024 7:07:50 DA TARDE okhttp3.internal.platform.Platform log
INFO: 
jan. 14, 2024 7:07:50 DA TARDE okhttp3.internal.platform.Platform log
INFO: {"timestamp":"2024-01-14T19:07:50.799+00:00","status":404,"error":"Not Found","message":"Vehicle not found","path":"/client/285"}
jan. 14, 2024 7:07:50 DA TARDE okhttp3.internal.platform.Platform log
INFO: <-- END HTTP (129-byte body)
jan. 14, 2024 7:07:50 DA TARDE okhttp3.internal.platform.Platform log
INFO: --> DELETE http://localhost:8080/client/285
jan. 14, 2024 7:07:50 DA TARDE okhttp3.internal.platform.Platform log
INFO: --> END DELETE
jan. 14, 2024 7:07:50 DA TARDE okhttp3.internal.platform.Platform log
INFO: <-- 204 http://localhost:8080/client/285 (4ms)
jan. 14, 2024 7:07:50 DA TARDE okhttp3.internal.platform.Platform log
INFO: Date: Sun, 14 Jan 2024 19:07:49 GMT
jan. 14, 2024 7:07:50 DA TARDE okhttp3.internal.platform.Platform log
INFO: Keep-Alive: timeout=60
jan. 14, 2024 7:07:50 DA TARDE okhttp3.internal.platform.Platform log
INFO: Connection: keep-alive
jan. 14, 2024 7:07:50 DA TARDE okhttp3.internal.platform.Platform log
INFO: <-- END HTTP
]]></system-err>
</testsuite>
