<?xml version="1.0" encoding="UTF-8"?>
<testsuite name="api.client.CreateClientPositiveTest" tests="4" skipped="0" failures="0" errors="0" timestamp="2024-01-14T19:07:50" hostname="DESKTOP-9IC1RJM" time="0.066">
  <properties/>
  <testcase name="createClientTest" classname="api.client.CreateClientPositiveTest" time="0.012"/>
  <testcase name="createClientWithBirthDateSetToCurrentDateTest" classname="api.client.CreateClientPositiveTest" time="0.011"/>
  <testcase name="createClientWithClientDateSetToCurrentDateTest" classname="api.client.CreateClientPositiveTest" time="0.012"/>
  <testcase name="createClientWithClientDateSetToPastDateTest" classname="api.client.CreateClientPositiveTest" time="0.012"/>
  <system-out><![CDATA[]]></system-out>
  <system-err><![CDATA[jan. 14, 2024 7:07:50 DA TARDE okhttp3.internal.platform.Platform log
INFO: --> POST http://localhost:8080/client
jan. 14, 2024 7:07:50 DA TARDE okhttp3.internal.platform.Platform log
INFO: Content-Type: application/json; charset=UTF-8
jan. 14, 2024 7:07:50 DA TARDE okhttp3.internal.platform.Platform log
INFO: Content-Length: 236
jan. 14, 2024 7:07:50 DA TARDE okhttp3.internal.platform.Platform log
INFO: 
jan. 14, 2024 7:07:50 DA TARDE okhttp3.internal.platform.Platform log
INFO: {"id":null,"firstName":"Pedro","lastName":"Peyroteo","address":"Rua do Vale, 50","postalCode":"3865-100","city":"Estarreja","country":"Portugal","phoneNumber":910356180,"nif":275713741,"birthDate":"2024-01-14","clientDate":"2024-01-14"}
jan. 14, 2024 7:07:50 DA TARDE okhttp3.internal.platform.Platform log
INFO: --> END POST (236-byte body)
jan. 14, 2024 7:07:50 DA TARDE okhttp3.internal.platform.Platform log
INFO: <-- 201 http://localhost:8080/client (3ms)
jan. 14, 2024 7:07:50 DA TARDE okhttp3.internal.platform.Platform log
INFO: Content-Type: application/json
jan. 14, 2024 7:07:50 DA TARDE okhttp3.internal.platform.Platform log
INFO: Transfer-Encoding: chunked
jan. 14, 2024 7:07:50 DA TARDE okhttp3.internal.platform.Platform log
INFO: Date: Sun, 14 Jan 2024 19:07:49 GMT
jan. 14, 2024 7:07:50 DA TARDE okhttp3.internal.platform.Platform log
INFO: Keep-Alive: timeout=60
jan. 14, 2024 7:07:50 DA TARDE okhttp3.internal.platform.Platform log
INFO: Connection: keep-alive
jan. 14, 2024 7:07:50 DA TARDE okhttp3.internal.platform.Platform log
INFO: 
jan. 14, 2024 7:07:50 DA TARDE okhttp3.internal.platform.Platform log
INFO: 267
jan. 14, 2024 7:07:50 DA TARDE okhttp3.internal.platform.Platform log
INFO: <-- END HTTP (3-byte body)
jan. 14, 2024 7:07:50 DA TARDE okhttp3.internal.platform.Platform log
INFO: --> GET http://localhost:8080/client/267
jan. 14, 2024 7:07:50 DA TARDE okhttp3.internal.platform.Platform log
INFO: --> END GET
jan. 14, 2024 7:07:50 DA TARDE okhttp3.internal.platform.Platform log
INFO: <-- 200 http://localhost:8080/client/267 (1ms)
jan. 14, 2024 7:07:50 DA TARDE okhttp3.internal.platform.Platform log
INFO: Content-Type: application/json
jan. 14, 2024 7:07:50 DA TARDE okhttp3.internal.platform.Platform log
INFO: Transfer-Encoding: chunked
jan. 14, 2024 7:07:50 DA TARDE okhttp3.internal.platform.Platform log
INFO: Date: Sun, 14 Jan 2024 19:07:49 GMT
jan. 14, 2024 7:07:50 DA TARDE okhttp3.internal.platform.Platform log
INFO: Keep-Alive: timeout=60
jan. 14, 2024 7:07:50 DA TARDE okhttp3.internal.platform.Platform log
INFO: Connection: keep-alive
jan. 14, 2024 7:07:50 DA TARDE okhttp3.internal.platform.Platform log
INFO: 
jan. 14, 2024 7:07:50 DA TARDE okhttp3.internal.platform.Platform log
INFO: {"id":267,"firstName":"Pedro","lastName":"Peyroteo","address":"Rua do Vale, 50","postalCode":"3865-100","city":"Estarreja","country":"Portugal","phoneNumber":910356180,"nif":275713741,"birthDate":"2024-01-14","clientDate":"2024-01-14","vehicles":[]}
jan. 14, 2024 7:07:50 DA TARDE okhttp3.internal.platform.Platform log
INFO: <-- END HTTP (249-byte body)
jan. 14, 2024 7:07:50 DA TARDE okhttp3.internal.platform.Platform log
INFO: --> DELETE http://localhost:8080/client/267
jan. 14, 2024 7:07:50 DA TARDE okhttp3.internal.platform.Platform log
INFO: --> END DELETE
jan. 14, 2024 7:07:50 DA TARDE okhttp3.internal.platform.Platform log
INFO: <-- 204 http://localhost:8080/client/267 (2ms)
jan. 14, 2024 7:07:50 DA TARDE okhttp3.internal.platform.Platform log
INFO: Date: Sun, 14 Jan 2024 19:07:49 GMT
jan. 14, 2024 7:07:50 DA TARDE okhttp3.internal.platform.Platform log
INFO: Keep-Alive: timeout=60
jan. 14, 2024 7:07:50 DA TARDE okhttp3.internal.platform.Platform log
INFO: Connection: keep-alive
jan. 14, 2024 7:07:50 DA TARDE okhttp3.internal.platform.Platform log
INFO: <-- END HTTP
jan. 14, 2024 7:07:50 DA TARDE okhttp3.internal.platform.Platform log
INFO: --> POST http://localhost:8080/client
jan. 14, 2024 7:07:50 DA TARDE okhttp3.internal.platform.Platform log
INFO: Content-Type: application/json; charset=UTF-8
jan. 14, 2024 7:07:50 DA TARDE okhttp3.internal.platform.Platform log
INFO: Content-Length: 236
jan. 14, 2024 7:07:50 DA TARDE okhttp3.internal.platform.Platform log
INFO: 
jan. 14, 2024 7:07:50 DA TARDE okhttp3.internal.platform.Platform log
INFO: {"id":null,"firstName":"Pedro","lastName":"Peyroteo","address":"Rua do Vale, 50","postalCode":"3865-100","city":"Estarreja","country":"Portugal","phoneNumber":910356180,"nif":275713741,"birthDate":"2024-01-14","clientDate":"2024-01-14"}
jan. 14, 2024 7:07:50 DA TARDE okhttp3.internal.platform.Platform log
INFO: --> END POST (236-byte body)
jan. 14, 2024 7:07:50 DA TARDE okhttp3.internal.platform.Platform log
INFO: <-- 201 http://localhost:8080/client (2ms)
jan. 14, 2024 7:07:50 DA TARDE okhttp3.internal.platform.Platform log
INFO: Content-Type: application/json
jan. 14, 2024 7:07:50 DA TARDE okhttp3.internal.platform.Platform log
INFO: Transfer-Encoding: chunked
jan. 14, 2024 7:07:50 DA TARDE okhttp3.internal.platform.Platform log
INFO: Date: Sun, 14 Jan 2024 19:07:49 GMT
jan. 14, 2024 7:07:50 DA TARDE okhttp3.internal.platform.Platform log
INFO: Keep-Alive: timeout=60
jan. 14, 2024 7:07:50 DA TARDE okhttp3.internal.platform.Platform log
INFO: Connection: keep-alive
jan. 14, 2024 7:07:50 DA TARDE okhttp3.internal.platform.Platform log
INFO: 
jan. 14, 2024 7:07:50 DA TARDE okhttp3.internal.platform.Platform log
INFO: 268
jan. 14, 2024 7:07:50 DA TARDE okhttp3.internal.platform.Platform log
INFO: <-- END HTTP (3-byte body)
jan. 14, 2024 7:07:50 DA TARDE okhttp3.internal.platform.Platform log
INFO: --> GET http://localhost:8080/client/268
jan. 14, 2024 7:07:50 DA TARDE okhttp3.internal.platform.Platform log
INFO: --> END GET
jan. 14, 2024 7:07:50 DA TARDE okhttp3.internal.platform.Platform log
INFO: <-- 200 http://localhost:8080/client/268 (2ms)
jan. 14, 2024 7:07:50 DA TARDE okhttp3.internal.platform.Platform log
INFO: Content-Type: application/json
jan. 14, 2024 7:07:50 DA TARDE okhttp3.internal.platform.Platform log
INFO: Transfer-Encoding: chunked
jan. 14, 2024 7:07:50 DA TARDE okhttp3.internal.platform.Platform log
INFO: Date: Sun, 14 Jan 2024 19:07:49 GMT
jan. 14, 2024 7:07:50 DA TARDE okhttp3.internal.platform.Platform log
INFO: Keep-Alive: timeout=60
jan. 14, 2024 7:07:50 DA TARDE okhttp3.internal.platform.Platform log
INFO: Connection: keep-alive
jan. 14, 2024 7:07:50 DA TARDE okhttp3.internal.platform.Platform log
INFO: 
jan. 14, 2024 7:07:50 DA TARDE okhttp3.internal.platform.Platform log
INFO: {"id":268,"firstName":"Pedro","lastName":"Peyroteo","address":"Rua do Vale, 50","postalCode":"3865-100","city":"Estarreja","country":"Portugal","phoneNumber":910356180,"nif":275713741,"birthDate":"2024-01-14","clientDate":"2024-01-14","vehicles":[]}
jan. 14, 2024 7:07:50 DA TARDE okhttp3.internal.platform.Platform log
INFO: <-- END HTTP (249-byte body)
jan. 14, 2024 7:07:50 DA TARDE okhttp3.internal.platform.Platform log
INFO: --> DELETE http://localhost:8080/client/268
jan. 14, 2024 7:07:50 DA TARDE okhttp3.internal.platform.Platform log
INFO: --> END DELETE
jan. 14, 2024 7:07:50 DA TARDE okhttp3.internal.platform.Platform log
INFO: <-- 204 http://localhost:8080/client/268 (4ms)
jan. 14, 2024 7:07:50 DA TARDE okhttp3.internal.platform.Platform log
INFO: Date: Sun, 14 Jan 2024 19:07:49 GMT
jan. 14, 2024 7:07:50 DA TARDE okhttp3.internal.platform.Platform log
INFO: Keep-Alive: timeout=60
jan. 14, 2024 7:07:50 DA TARDE okhttp3.internal.platform.Platform log
INFO: Connection: keep-alive
jan. 14, 2024 7:07:50 DA TARDE okhttp3.internal.platform.Platform log
INFO: <-- END HTTP
jan. 14, 2024 7:07:50 DA TARDE okhttp3.internal.platform.Platform log
INFO: --> POST http://localhost:8080/client
jan. 14, 2024 7:07:50 DA TARDE okhttp3.internal.platform.Platform log
INFO: Content-Type: application/json; charset=UTF-8
jan. 14, 2024 7:07:50 DA TARDE okhttp3.internal.platform.Platform log
INFO: Content-Length: 236
jan. 14, 2024 7:07:50 DA TARDE okhttp3.internal.platform.Platform log
INFO: 
jan. 14, 2024 7:07:50 DA TARDE okhttp3.internal.platform.Platform log
INFO: {"id":null,"firstName":"Pedro","lastName":"Peyroteo","address":"Rua do Vale, 50","postalCode":"3865-100","city":"Estarreja","country":"Portugal","phoneNumber":910356180,"nif":275713741,"birthDate":"2024-01-14","clientDate":"2024-01-14"}
jan. 14, 2024 7:07:50 DA TARDE okhttp3.internal.platform.Platform log
INFO: --> END POST (236-byte body)
jan. 14, 2024 7:07:50 DA TARDE okhttp3.internal.platform.Platform log
INFO: <-- 201 http://localhost:8080/client (2ms)
jan. 14, 2024 7:07:50 DA TARDE okhttp3.internal.platform.Platform log
INFO: Content-Type: application/json
jan. 14, 2024 7:07:50 DA TARDE okhttp3.internal.platform.Platform log
INFO: Transfer-Encoding: chunked
jan. 14, 2024 7:07:50 DA TARDE okhttp3.internal.platform.Platform log
INFO: Date: Sun, 14 Jan 2024 19:07:49 GMT
jan. 14, 2024 7:07:50 DA TARDE okhttp3.internal.platform.Platform log
INFO: Keep-Alive: timeout=60
jan. 14, 2024 7:07:50 DA TARDE okhttp3.internal.platform.Platform log
INFO: Connection: keep-alive
jan. 14, 2024 7:07:50 DA TARDE okhttp3.internal.platform.Platform log
INFO: 
jan. 14, 2024 7:07:50 DA TARDE okhttp3.internal.platform.Platform log
INFO: 269
jan. 14, 2024 7:07:50 DA TARDE okhttp3.internal.platform.Platform log
INFO: <-- END HTTP (3-byte body)
jan. 14, 2024 7:07:50 DA TARDE okhttp3.internal.platform.Platform log
INFO: --> GET http://localhost:8080/client/269
jan. 14, 2024 7:07:50 DA TARDE okhttp3.internal.platform.Platform log
INFO: --> END GET
jan. 14, 2024 7:07:50 DA TARDE okhttp3.internal.platform.Platform log
INFO: <-- 200 http://localhost:8080/client/269 (2ms)
jan. 14, 2024 7:07:50 DA TARDE okhttp3.internal.platform.Platform log
INFO: Content-Type: application/json
jan. 14, 2024 7:07:50 DA TARDE okhttp3.internal.platform.Platform log
INFO: Transfer-Encoding: chunked
jan. 14, 2024 7:07:50 DA TARDE okhttp3.internal.platform.Platform log
INFO: Date: Sun, 14 Jan 2024 19:07:49 GMT
jan. 14, 2024 7:07:50 DA TARDE okhttp3.internal.platform.Platform log
INFO: Keep-Alive: timeout=60
jan. 14, 2024 7:07:50 DA TARDE okhttp3.internal.platform.Platform log
INFO: Connection: keep-alive
jan. 14, 2024 7:07:50 DA TARDE okhttp3.internal.platform.Platform log
INFO: 
jan. 14, 2024 7:07:50 DA TARDE okhttp3.internal.platform.Platform log
INFO: {"id":269,"firstName":"Pedro","lastName":"Peyroteo","address":"Rua do Vale, 50","postalCode":"3865-100","city":"Estarreja","country":"Portugal","phoneNumber":910356180,"nif":275713741,"birthDate":"2024-01-14","clientDate":"2024-01-14","vehicles":[]}
jan. 14, 2024 7:07:50 DA TARDE okhttp3.internal.platform.Platform log
INFO: <-- END HTTP (249-byte body)
jan. 14, 2024 7:07:50 DA TARDE okhttp3.internal.platform.Platform log
INFO: --> DELETE http://localhost:8080/client/269
jan. 14, 2024 7:07:50 DA TARDE okhttp3.internal.platform.Platform log
INFO: --> END DELETE
jan. 14, 2024 7:07:50 DA TARDE okhttp3.internal.platform.Platform log
INFO: <-- 204 http://localhost:8080/client/269 (3ms)
jan. 14, 2024 7:07:50 DA TARDE okhttp3.internal.platform.Platform log
INFO: Date: Sun, 14 Jan 2024 19:07:49 GMT
jan. 14, 2024 7:07:50 DA TARDE okhttp3.internal.platform.Platform log
INFO: Keep-Alive: timeout=60
jan. 14, 2024 7:07:50 DA TARDE okhttp3.internal.platform.Platform log
INFO: Connection: keep-alive
jan. 14, 2024 7:07:50 DA TARDE okhttp3.internal.platform.Platform log
INFO: <-- END HTTP
jan. 14, 2024 7:07:50 DA TARDE okhttp3.internal.platform.Platform log
INFO: --> POST http://localhost:8080/client
jan. 14, 2024 7:07:50 DA TARDE okhttp3.internal.platform.Platform log
INFO: Content-Type: application/json; charset=UTF-8
jan. 14, 2024 7:07:50 DA TARDE okhttp3.internal.platform.Platform log
INFO: Content-Length: 236
jan. 14, 2024 7:07:50 DA TARDE okhttp3.internal.platform.Platform log
INFO: 
jan. 14, 2024 7:07:50 DA TARDE okhttp3.internal.platform.Platform log
INFO: {"id":null,"firstName":"Pedro","lastName":"Peyroteo","address":"Rua do Vale, 50","postalCode":"3865-100","city":"Estarreja","country":"Portugal","phoneNumber":910356180,"nif":275713741,"birthDate":"2024-01-14","clientDate":"2024-01-07"}
jan. 14, 2024 7:07:50 DA TARDE okhttp3.internal.platform.Platform log
INFO: --> END POST (236-byte body)
jan. 14, 2024 7:07:50 DA TARDE okhttp3.internal.platform.Platform log
INFO: <-- 201 http://localhost:8080/client (3ms)
jan. 14, 2024 7:07:50 DA TARDE okhttp3.internal.platform.Platform log
INFO: Content-Type: application/json
jan. 14, 2024 7:07:50 DA TARDE okhttp3.internal.platform.Platform log
INFO: Transfer-Encoding: chunked
jan. 14, 2024 7:07:50 DA TARDE okhttp3.internal.platform.Platform log
INFO: Date: Sun, 14 Jan 2024 19:07:49 GMT
jan. 14, 2024 7:07:50 DA TARDE okhttp3.internal.platform.Platform log
INFO: Keep-Alive: timeout=60
jan. 14, 2024 7:07:50 DA TARDE okhttp3.internal.platform.Platform log
INFO: Connection: keep-alive
jan. 14, 2024 7:07:50 DA TARDE okhttp3.internal.platform.Platform log
INFO: 
jan. 14, 2024 7:07:50 DA TARDE okhttp3.internal.platform.Platform log
INFO: 270
jan. 14, 2024 7:07:50 DA TARDE okhttp3.internal.platform.Platform log
INFO: <-- END HTTP (3-byte body)
jan. 14, 2024 7:07:50 DA TARDE okhttp3.internal.platform.Platform log
INFO: --> GET http://localhost:8080/client/270
jan. 14, 2024 7:07:50 DA TARDE okhttp3.internal.platform.Platform log
INFO: --> END GET
jan. 14, 2024 7:07:50 DA TARDE okhttp3.internal.platform.Platform log
INFO: <-- 200 http://localhost:8080/client/270 (2ms)
jan. 14, 2024 7:07:50 DA TARDE okhttp3.internal.platform.Platform log
INFO: Content-Type: application/json
jan. 14, 2024 7:07:50 DA TARDE okhttp3.internal.platform.Platform log
INFO: Transfer-Encoding: chunked
jan. 14, 2024 7:07:50 DA TARDE okhttp3.internal.platform.Platform log
INFO: Date: Sun, 14 Jan 2024 19:07:49 GMT
jan. 14, 2024 7:07:50 DA TARDE okhttp3.internal.platform.Platform log
INFO: Keep-Alive: timeout=60
jan. 14, 2024 7:07:50 DA TARDE okhttp3.internal.platform.Platform log
INFO: Connection: keep-alive
jan. 14, 2024 7:07:50 DA TARDE okhttp3.internal.platform.Platform log
INFO: 
jan. 14, 2024 7:07:50 DA TARDE okhttp3.internal.platform.Platform log
INFO: {"id":270,"firstName":"Pedro","lastName":"Peyroteo","address":"Rua do Vale, 50","postalCode":"3865-100","city":"Estarreja","country":"Portugal","phoneNumber":910356180,"nif":275713741,"birthDate":"2024-01-14","clientDate":"2024-01-07","vehicles":[]}
jan. 14, 2024 7:07:50 DA TARDE okhttp3.internal.platform.Platform log
INFO: <-- END HTTP (249-byte body)
jan. 14, 2024 7:07:50 DA TARDE okhttp3.internal.platform.Platform log
INFO: --> DELETE http://localhost:8080/client/270
jan. 14, 2024 7:07:50 DA TARDE okhttp3.internal.platform.Platform log
INFO: --> END DELETE
jan. 14, 2024 7:07:50 DA TARDE okhttp3.internal.platform.Platform log
INFO: <-- 204 http://localhost:8080/client/270 (3ms)
jan. 14, 2024 7:07:50 DA TARDE okhttp3.internal.platform.Platform log
INFO: Date: Sun, 14 Jan 2024 19:07:49 GMT
jan. 14, 2024 7:07:50 DA TARDE okhttp3.internal.platform.Platform log
INFO: Keep-Alive: timeout=60
jan. 14, 2024 7:07:50 DA TARDE okhttp3.internal.platform.Platform log
INFO: Connection: keep-alive
jan. 14, 2024 7:07:50 DA TARDE okhttp3.internal.platform.Platform log
INFO: <-- END HTTP
]]></system-err>
</testsuite>
