<?xml version="1.0" encoding="UTF-8"?>
<testsuite name="api.client.UpdateClientPositiveTest" tests="2" skipped="0" failures="0" errors="0" timestamp="2024-01-14T23:18:23" hostname="DESKTOP-9IC1RJM" time="0.035">
  <properties/>
  <testcase name="updateClientTest" classname="api.client.UpdateClientPositiveTest" time="0.014"/>
  <testcase name="updateClientWithClientDateWithCurrentDateTest" classname="api.client.UpdateClientPositiveTest" time="0.007"/>
  <system-out><![CDATA[]]></system-out>
  <system-err><![CDATA[jan. 14, 2024 11:18:23 DA TARDE okhttp3.internal.platform.Platform log
INFO: --> POST http://localhost:8080/client
jan. 14, 2024 11:18:23 DA TARDE okhttp3.internal.platform.Platform log
INFO: Content-Type: application/json; charset=UTF-8
jan. 14, 2024 11:18:23 DA TARDE okhttp3.internal.platform.Platform log
INFO: Content-Length: 236
jan. 14, 2024 11:18:23 DA TARDE okhttp3.internal.platform.Platform log
INFO: 
jan. 14, 2024 11:18:23 DA TARDE okhttp3.internal.platform.Platform log
INFO: {"id":null,"firstName":"Pedro","lastName":"Peyroteo","address":"Rua do Vale, 50","postalCode":"3865-100","city":"Estarreja","country":"Portugal","phoneNumber":910356180,"nif":275713741,"birthDate":"2024-01-14","clientDate":"2024-01-14"}
jan. 14, 2024 11:18:23 DA TARDE okhttp3.internal.platform.Platform log
INFO: --> END POST (236-byte body)
jan. 14, 2024 11:18:23 DA TARDE okhttp3.internal.platform.Platform log
INFO: <-- 201 http://localhost:8080/client (4ms)
jan. 14, 2024 11:18:23 DA TARDE okhttp3.internal.platform.Platform log
INFO: Content-Type: application/json
jan. 14, 2024 11:18:23 DA TARDE okhttp3.internal.platform.Platform log
INFO: Transfer-Encoding: chunked
jan. 14, 2024 11:18:23 DA TARDE okhttp3.internal.platform.Platform log
INFO: Date: Sun, 14 Jan 2024 23:18:23 GMT
jan. 14, 2024 11:18:23 DA TARDE okhttp3.internal.platform.Platform log
INFO: Keep-Alive: timeout=60
jan. 14, 2024 11:18:23 DA TARDE okhttp3.internal.platform.Platform log
INFO: Connection: keep-alive
jan. 14, 2024 11:18:23 DA TARDE okhttp3.internal.platform.Platform log
INFO: 
jan. 14, 2024 11:18:23 DA TARDE okhttp3.internal.platform.Platform log
INFO: 756
jan. 14, 2024 11:18:23 DA TARDE okhttp3.internal.platform.Platform log
INFO: <-- END HTTP (3-byte body)
jan. 14, 2024 11:18:23 DA TARDE okhttp3.internal.platform.Platform log
INFO: --> PUT http://localhost:8080/client/756
jan. 14, 2024 11:18:23 DA TARDE okhttp3.internal.platform.Platform log
INFO: Content-Type: application/json; charset=UTF-8
jan. 14, 2024 11:18:23 DA TARDE okhttp3.internal.platform.Platform log
INFO: Content-Length: 232
jan. 14, 2024 11:18:23 DA TARDE okhttp3.internal.platform.Platform log
INFO: 
jan. 14, 2024 11:18:23 DA TARDE okhttp3.internal.platform.Platform log
INFO: {"id":null,"firstName":"Jose","lastName":"Marques","address":"Rua das Barrocas","postalCode":"3587-008","city":"Agueda","country":"Portugal","phoneNumber":916234785,"nif":275713741,"birthDate":"2024-01-14","clientDate":"2024-01-14"}
jan. 14, 2024 11:18:23 DA TARDE okhttp3.internal.platform.Platform log
INFO: --> END PUT (232-byte body)
jan. 14, 2024 11:18:23 DA TARDE okhttp3.internal.platform.Platform log
INFO: <-- 200 http://localhost:8080/client/756 (6ms)
jan. 14, 2024 11:18:23 DA TARDE okhttp3.internal.platform.Platform log
INFO: Content-Type: application/json
jan. 14, 2024 11:18:23 DA TARDE okhttp3.internal.platform.Platform log
INFO: Transfer-Encoding: chunked
jan. 14, 2024 11:18:23 DA TARDE okhttp3.internal.platform.Platform log
INFO: Date: Sun, 14 Jan 2024 23:18:23 GMT
jan. 14, 2024 11:18:23 DA TARDE okhttp3.internal.platform.Platform log
INFO: Keep-Alive: timeout=60
jan. 14, 2024 11:18:23 DA TARDE okhttp3.internal.platform.Platform log
INFO: Connection: keep-alive
jan. 14, 2024 11:18:23 DA TARDE okhttp3.internal.platform.Platform log
INFO: 
jan. 14, 2024 11:18:23 DA TARDE okhttp3.internal.platform.Platform log
INFO: 756
jan. 14, 2024 11:18:23 DA TARDE okhttp3.internal.platform.Platform log
INFO: <-- END HTTP (3-byte body)
jan. 14, 2024 11:18:23 DA TARDE okhttp3.internal.platform.Platform log
INFO: --> GET http://localhost:8080/client/756
jan. 14, 2024 11:18:23 DA TARDE okhttp3.internal.platform.Platform log
INFO: --> END GET
jan. 14, 2024 11:18:23 DA TARDE okhttp3.internal.platform.Platform log
INFO: <-- 200 http://localhost:8080/client/756 (2ms)
jan. 14, 2024 11:18:23 DA TARDE okhttp3.internal.platform.Platform log
INFO: Content-Type: application/json
jan. 14, 2024 11:18:23 DA TARDE okhttp3.internal.platform.Platform log
INFO: Transfer-Encoding: chunked
jan. 14, 2024 11:18:23 DA TARDE okhttp3.internal.platform.Platform log
INFO: Date: Sun, 14 Jan 2024 23:18:23 GMT
jan. 14, 2024 11:18:23 DA TARDE okhttp3.internal.platform.Platform log
INFO: Keep-Alive: timeout=60
jan. 14, 2024 11:18:23 DA TARDE okhttp3.internal.platform.Platform log
INFO: Connection: keep-alive
jan. 14, 2024 11:18:23 DA TARDE okhttp3.internal.platform.Platform log
INFO: 
jan. 14, 2024 11:18:23 DA TARDE okhttp3.internal.platform.Platform log
INFO: {"id":756,"firstName":"Jose","lastName":"Marques","address":"Rua das Barrocas","postalCode":"3587-008","city":"Agueda","country":"Portugal","phoneNumber":916234785,"nif":275713741,"birthDate":"2024-01-14","clientDate":"2024-01-14","vehicles":[]}
jan. 14, 2024 11:18:23 DA TARDE okhttp3.internal.platform.Platform log
INFO: <-- END HTTP (245-byte body)
jan. 14, 2024 11:18:23 DA TARDE okhttp3.internal.platform.Platform log
INFO: --> DELETE http://localhost:8080/client/756
jan. 14, 2024 11:18:23 DA TARDE okhttp3.internal.platform.Platform log
INFO: --> END DELETE
jan. 14, 2024 11:18:23 DA TARDE okhttp3.internal.platform.Platform log
INFO: <-- 204 http://localhost:8080/client/756 (4ms)
jan. 14, 2024 11:18:23 DA TARDE okhttp3.internal.platform.Platform log
INFO: Date: Sun, 14 Jan 2024 23:18:23 GMT
jan. 14, 2024 11:18:23 DA TARDE okhttp3.internal.platform.Platform log
INFO: Keep-Alive: timeout=60
jan. 14, 2024 11:18:23 DA TARDE okhttp3.internal.platform.Platform log
INFO: Connection: keep-alive
jan. 14, 2024 11:18:23 DA TARDE okhttp3.internal.platform.Platform log
INFO: <-- END HTTP
jan. 14, 2024 11:18:23 DA TARDE okhttp3.internal.platform.Platform log
INFO: --> POST http://localhost:8080/client
jan. 14, 2024 11:18:23 DA TARDE okhttp3.internal.platform.Platform log
INFO: Content-Type: application/json; charset=UTF-8
jan. 14, 2024 11:18:23 DA TARDE okhttp3.internal.platform.Platform log
INFO: Content-Length: 236
jan. 14, 2024 11:18:23 DA TARDE okhttp3.internal.platform.Platform log
INFO: 
jan. 14, 2024 11:18:23 DA TARDE okhttp3.internal.platform.Platform log
INFO: {"id":null,"firstName":"Pedro","lastName":"Peyroteo","address":"Rua do Vale, 50","postalCode":"3865-100","city":"Estarreja","country":"Portugal","phoneNumber":910356180,"nif":275713741,"birthDate":"2024-01-14","clientDate":"2024-01-14"}
jan. 14, 2024 11:18:23 DA TARDE okhttp3.internal.platform.Platform log
INFO: --> END POST (236-byte body)
jan. 14, 2024 11:18:23 DA TARDE okhttp3.internal.platform.Platform log
INFO: <-- 201 http://localhost:8080/client (4ms)
jan. 14, 2024 11:18:23 DA TARDE okhttp3.internal.platform.Platform log
INFO: Content-Type: application/json
jan. 14, 2024 11:18:23 DA TARDE okhttp3.internal.platform.Platform log
INFO: Transfer-Encoding: chunked
jan. 14, 2024 11:18:23 DA TARDE okhttp3.internal.platform.Platform log
INFO: Date: Sun, 14 Jan 2024 23:18:23 GMT
jan. 14, 2024 11:18:23 DA TARDE okhttp3.internal.platform.Platform log
INFO: Keep-Alive: timeout=60
jan. 14, 2024 11:18:23 DA TARDE okhttp3.internal.platform.Platform log
INFO: Connection: keep-alive
jan. 14, 2024 11:18:23 DA TARDE okhttp3.internal.platform.Platform log
INFO: 
jan. 14, 2024 11:18:23 DA TARDE okhttp3.internal.platform.Platform log
INFO: 757
jan. 14, 2024 11:18:23 DA TARDE okhttp3.internal.platform.Platform log
INFO: <-- END HTTP (3-byte body)
jan. 14, 2024 11:18:23 DA TARDE okhttp3.internal.platform.Platform log
INFO: --> PUT http://localhost:8080/client/757
jan. 14, 2024 11:18:23 DA TARDE okhttp3.internal.platform.Platform log
INFO: Content-Type: application/json; charset=UTF-8
jan. 14, 2024 11:18:23 DA TARDE okhttp3.internal.platform.Platform log
INFO: Content-Length: 236
jan. 14, 2024 11:18:23 DA TARDE okhttp3.internal.platform.Platform log
INFO: 
jan. 14, 2024 11:18:23 DA TARDE okhttp3.internal.platform.Platform log
INFO: {"id":null,"firstName":"Pedro","lastName":"Peyroteo","address":"Rua do Vale, 50","postalCode":"3865-100","city":"Estarreja","country":"Portugal","phoneNumber":910356180,"nif":275713741,"birthDate":"2024-01-14","clientDate":"2024-01-21"}
jan. 14, 2024 11:18:23 DA TARDE okhttp3.internal.platform.Platform log
INFO: --> END PUT (236-byte body)
jan. 14, 2024 11:18:23 DA TARDE okhttp3.internal.platform.Platform log
INFO: <-- 200 http://localhost:8080/client/757 (4ms)
jan. 14, 2024 11:18:23 DA TARDE okhttp3.internal.platform.Platform log
INFO: Content-Type: application/json
jan. 14, 2024 11:18:23 DA TARDE okhttp3.internal.platform.Platform log
INFO: Transfer-Encoding: chunked
jan. 14, 2024 11:18:23 DA TARDE okhttp3.internal.platform.Platform log
INFO: Date: Sun, 14 Jan 2024 23:18:23 GMT
jan. 14, 2024 11:18:23 DA TARDE okhttp3.internal.platform.Platform log
INFO: Keep-Alive: timeout=60
jan. 14, 2024 11:18:23 DA TARDE okhttp3.internal.platform.Platform log
INFO: Connection: keep-alive
jan. 14, 2024 11:18:23 DA TARDE okhttp3.internal.platform.Platform log
INFO: 
jan. 14, 2024 11:18:23 DA TARDE okhttp3.internal.platform.Platform log
INFO: 757
jan. 14, 2024 11:18:23 DA TARDE okhttp3.internal.platform.Platform log
INFO: <-- END HTTP (3-byte body)
jan. 14, 2024 11:18:23 DA TARDE okhttp3.internal.platform.Platform log
INFO: --> DELETE http://localhost:8080/client/757
jan. 14, 2024 11:18:23 DA TARDE okhttp3.internal.platform.Platform log
INFO: --> END DELETE
jan. 14, 2024 11:18:23 DA TARDE okhttp3.internal.platform.Platform log
INFO: <-- 204 http://localhost:8080/client/757 (4ms)
jan. 14, 2024 11:18:23 DA TARDE okhttp3.internal.platform.Platform log
INFO: Date: Sun, 14 Jan 2024 23:18:23 GMT
jan. 14, 2024 11:18:23 DA TARDE okhttp3.internal.platform.Platform log
INFO: Keep-Alive: timeout=60
jan. 14, 2024 11:18:23 DA TARDE okhttp3.internal.platform.Platform log
INFO: Connection: keep-alive
jan. 14, 2024 11:18:23 DA TARDE okhttp3.internal.platform.Platform log
INFO: <-- END HTTP
]]></system-err>
</testsuite>
