<?xml version="1.0" encoding="UTF-8"?>
<testsuite name="api.client.CreateClientPositiveTest" tests="5" skipped="0" failures="1" errors="0" timestamp="2024-01-14T22:30:08" hostname="DESKTOP-9IC1RJM" time="0.077">
  <properties/>
  <testcase name="createClientTest" classname="api.client.CreateClientPositiveTest" time="0.016"/>
  <testcase name="createClientWithBirthDateLessThanToday" classname="api.client.CreateClientPositiveTest" time="0.006">
    <failure message="java.lang.AssertionError: Expected response code to be [200] but was [400]&#13;&#10;Expected: is &lt;200&gt;&#13;&#10;     but: was &lt;400&gt;" type="java.lang.AssertionError">java.lang.AssertionError: Expected response code to be [200] but was [400]
Expected: is &lt;200&gt;
     but: was &lt;400&gt;
	at org.hamcrest.MatcherAssert.assertThat(MatcherAssert.java:20)
	at api.validators.ResponseValidator.assertOk(ResponseValidator.java:31)
	at api.client.CreateClientPositiveTest.createClientWithBirthDateLessThanToday(CreateClientPositiveTest.java:60)
	at java.base/jdk.internal.reflect.DirectMethodHandleAccessor.invoke(DirectMethodHandleAccessor.java:104)
	at java.base/java.lang.reflect.Method.invoke(Method.java:578)
	at org.testng.internal.MethodInvocationHelper.invokeMethod(MethodInvocationHelper.java:133)
	at org.testng.internal.TestInvoker.invokeMethod(TestInvoker.java:598)
	at org.testng.internal.TestInvoker.invokeTestMethod(TestInvoker.java:173)
	at org.testng.internal.MethodRunner.runInSequence(MethodRunner.java:46)
	at org.testng.internal.TestInvoker$MethodInvocationAgent.invoke(TestInvoker.java:824)
	at org.testng.internal.TestInvoker.invokeTestMethods(TestInvoker.java:146)
	at org.testng.internal.TestMethodWorker.invokeTestMethods(TestMethodWorker.java:146)
	at org.testng.internal.TestMethodWorker.run(TestMethodWorker.java:128)
	at java.base/java.util.ArrayList.forEach(ArrayList.java:1511)
	at org.testng.TestRunner.privateRun(TestRunner.java:794)
	at org.testng.TestRunner.run(TestRunner.java:596)
	at org.testng.SuiteRunner.runTest(SuiteRunner.java:377)
	at org.testng.SuiteRunner.runSequentially(SuiteRunner.java:371)
	at org.testng.SuiteRunner.privateRun(SuiteRunner.java:332)
	at org.testng.SuiteRunner.run(SuiteRunner.java:276)
	at org.testng.SuiteRunnerWorker.runSuite(SuiteRunnerWorker.java:53)
	at org.testng.SuiteRunnerWorker.run(SuiteRunnerWorker.java:96)
	at org.testng.TestNG.runSuitesSequentially(TestNG.java:1212)
	at org.testng.TestNG.runSuitesLocally(TestNG.java:1134)
	at org.testng.TestNG.runSuites(TestNG.java:1063)
	at org.testng.TestNG.run(TestNG.java:1031)
	at org.gradle.api.internal.tasks.testing.testng.TestNGTestClassProcessor.runTests(TestNGTestClassProcessor.java:148)
	at org.gradle.api.internal.tasks.testing.testng.TestNGTestClassProcessor.stop(TestNGTestClassProcessor.java:95)
	at org.gradle.api.internal.tasks.testing.SuiteTestClassProcessor.stop(SuiteTestClassProcessor.java:62)
	at java.base/jdk.internal.reflect.DirectMethodHandleAccessor.invoke(DirectMethodHandleAccessor.java:104)
	at java.base/java.lang.reflect.Method.invoke(Method.java:578)
	at org.gradle.internal.dispatch.ReflectionDispatch.dispatch(ReflectionDispatch.java:36)
	at org.gradle.internal.dispatch.ReflectionDispatch.dispatch(ReflectionDispatch.java:24)
	at org.gradle.internal.dispatch.ContextClassLoaderDispatch.dispatch(ContextClassLoaderDispatch.java:33)
	at org.gradle.internal.dispatch.ProxyDispatchAdapter$DispatchingInvocationHandler.invoke(ProxyDispatchAdapter.java:94)
	at jdk.proxy1/jdk.proxy1.$Proxy2.stop(Unknown Source)
	at org.gradle.api.internal.tasks.testing.worker.TestWorker$3.run(TestWorker.java:193)
	at org.gradle.api.internal.tasks.testing.worker.TestWorker.executeAndMaintainThreadName(TestWorker.java:129)
	at org.gradle.api.internal.tasks.testing.worker.TestWorker.execute(TestWorker.java:100)
	at org.gradle.api.internal.tasks.testing.worker.TestWorker.execute(TestWorker.java:60)
	at org.gradle.process.internal.worker.child.ActionExecutionWorker.execute(ActionExecutionWorker.java:56)
	at org.gradle.process.internal.worker.child.SystemApplicationClassLoaderWorker.call(SystemApplicationClassLoaderWorker.java:113)
	at org.gradle.process.internal.worker.child.SystemApplicationClassLoaderWorker.call(SystemApplicationClassLoaderWorker.java:65)
	at worker.org.gradle.process.internal.worker.GradleWorkerMain.run(GradleWorkerMain.java:69)
	at worker.org.gradle.process.internal.worker.GradleWorkerMain.main(GradleWorkerMain.java:74)
</failure>
  </testcase>
  <testcase name="createClientWithBirthDateSetToCurrentDateTest" classname="api.client.CreateClientPositiveTest" time="0.013"/>
  <testcase name="createClientWithClientDateSetToCurrentDateTest" classname="api.client.CreateClientPositiveTest" time="0.013"/>
  <testcase name="createClientWithClientDateSetToPastDateTest" classname="api.client.CreateClientPositiveTest" time="0.011"/>
  <system-out><![CDATA[]]></system-out>
  <system-err><![CDATA[jan. 14, 2024 10:30:08 DA TARDE okhttp3.internal.platform.Platform log
INFO: --> POST http://localhost:8080/client
jan. 14, 2024 10:30:08 DA TARDE okhttp3.internal.platform.Platform log
INFO: Content-Type: application/json; charset=UTF-8
jan. 14, 2024 10:30:08 DA TARDE okhttp3.internal.platform.Platform log
INFO: Content-Length: 236
jan. 14, 2024 10:30:08 DA TARDE okhttp3.internal.platform.Platform log
INFO: 
jan. 14, 2024 10:30:08 DA TARDE okhttp3.internal.platform.Platform log
INFO: {"id":null,"firstName":"Pedro","lastName":"Peyroteo","address":"Rua do Vale, 50","postalCode":"3865-100","city":"Estarreja","country":"Portugal","phoneNumber":910356180,"nif":275713741,"birthDate":"2024-01-14","clientDate":"2024-01-14"}
jan. 14, 2024 10:30:08 DA TARDE okhttp3.internal.platform.Platform log
INFO: --> END POST (236-byte body)
jan. 14, 2024 10:30:08 DA TARDE okhttp3.internal.platform.Platform log
INFO: <-- 201 http://localhost:8080/client (3ms)
jan. 14, 2024 10:30:08 DA TARDE okhttp3.internal.platform.Platform log
INFO: Content-Type: application/json
jan. 14, 2024 10:30:08 DA TARDE okhttp3.internal.platform.Platform log
INFO: Transfer-Encoding: chunked
jan. 14, 2024 10:30:08 DA TARDE okhttp3.internal.platform.Platform log
INFO: Date: Sun, 14 Jan 2024 22:30:08 GMT
jan. 14, 2024 10:30:08 DA TARDE okhttp3.internal.platform.Platform log
INFO: Keep-Alive: timeout=60
jan. 14, 2024 10:30:08 DA TARDE okhttp3.internal.platform.Platform log
INFO: Connection: keep-alive
jan. 14, 2024 10:30:08 DA TARDE okhttp3.internal.platform.Platform log
INFO: 
jan. 14, 2024 10:30:08 DA TARDE okhttp3.internal.platform.Platform log
INFO: 711
jan. 14, 2024 10:30:08 DA TARDE okhttp3.internal.platform.Platform log
INFO: <-- END HTTP (3-byte body)
jan. 14, 2024 10:30:08 DA TARDE okhttp3.internal.platform.Platform log
INFO: --> GET http://localhost:8080/client/711
jan. 14, 2024 10:30:08 DA TARDE okhttp3.internal.platform.Platform log
INFO: --> END GET
jan. 14, 2024 10:30:08 DA TARDE okhttp3.internal.platform.Platform log
INFO: <-- 200 http://localhost:8080/client/711 (1ms)
jan. 14, 2024 10:30:08 DA TARDE okhttp3.internal.platform.Platform log
INFO: Content-Type: application/json
jan. 14, 2024 10:30:08 DA TARDE okhttp3.internal.platform.Platform log
INFO: Transfer-Encoding: chunked
jan. 14, 2024 10:30:08 DA TARDE okhttp3.internal.platform.Platform log
INFO: Date: Sun, 14 Jan 2024 22:30:08 GMT
jan. 14, 2024 10:30:08 DA TARDE okhttp3.internal.platform.Platform log
INFO: Keep-Alive: timeout=60
jan. 14, 2024 10:30:08 DA TARDE okhttp3.internal.platform.Platform log
INFO: Connection: keep-alive
jan. 14, 2024 10:30:08 DA TARDE okhttp3.internal.platform.Platform log
INFO: 
jan. 14, 2024 10:30:08 DA TARDE okhttp3.internal.platform.Platform log
INFO: {"id":711,"firstName":"Pedro","lastName":"Peyroteo","address":"Rua do Vale, 50","postalCode":"3865-100","city":"Estarreja","country":"Portugal","phoneNumber":910356180,"nif":275713741,"birthDate":"2024-01-14","clientDate":"2024-01-14","vehicles":[]}
jan. 14, 2024 10:30:08 DA TARDE okhttp3.internal.platform.Platform log
INFO: <-- END HTTP (249-byte body)
jan. 14, 2024 10:30:08 DA TARDE okhttp3.internal.platform.Platform log
INFO: --> DELETE http://localhost:8080/client/711
jan. 14, 2024 10:30:08 DA TARDE okhttp3.internal.platform.Platform log
INFO: --> END DELETE
jan. 14, 2024 10:30:08 DA TARDE okhttp3.internal.platform.Platform log
INFO: <-- 204 http://localhost:8080/client/711 (2ms)
jan. 14, 2024 10:30:08 DA TARDE okhttp3.internal.platform.Platform log
INFO: Date: Sun, 14 Jan 2024 22:30:08 GMT
jan. 14, 2024 10:30:08 DA TARDE okhttp3.internal.platform.Platform log
INFO: Keep-Alive: timeout=60
jan. 14, 2024 10:30:08 DA TARDE okhttp3.internal.platform.Platform log
INFO: Connection: keep-alive
jan. 14, 2024 10:30:08 DA TARDE okhttp3.internal.platform.Platform log
INFO: <-- END HTTP
jan. 14, 2024 10:30:08 DA TARDE okhttp3.internal.platform.Platform log
INFO: --> POST http://localhost:8080/client
jan. 14, 2024 10:30:08 DA TARDE okhttp3.internal.platform.Platform log
INFO: Content-Type: application/json; charset=UTF-8
jan. 14, 2024 10:30:08 DA TARDE okhttp3.internal.platform.Platform log
INFO: Content-Length: 236
jan. 14, 2024 10:30:08 DA TARDE okhttp3.internal.platform.Platform log
INFO: 
jan. 14, 2024 10:30:08 DA TARDE okhttp3.internal.platform.Platform log
INFO: {"id":null,"firstName":"Pedro","lastName":"Peyroteo","address":"Rua do Vale, 50","postalCode":"3865-100","city":"Estarreja","country":"Portugal","phoneNumber":910356180,"nif":275713741,"birthDate":"2006-01-14","clientDate":"2024-01-14"}
jan. 14, 2024 10:30:08 DA TARDE okhttp3.internal.platform.Platform log
INFO: --> END POST (236-byte body)
jan. 14, 2024 10:30:08 DA TARDE okhttp3.internal.platform.Platform log
INFO: <-- 400 http://localhost:8080/client (1ms)
jan. 14, 2024 10:30:08 DA TARDE okhttp3.internal.platform.Platform log
INFO: Content-Type: application/json
jan. 14, 2024 10:30:08 DA TARDE okhttp3.internal.platform.Platform log
INFO: Transfer-Encoding: chunked
jan. 14, 2024 10:30:08 DA TARDE okhttp3.internal.platform.Platform log
INFO: Date: Sun, 14 Jan 2024 22:30:08 GMT
jan. 14, 2024 10:30:08 DA TARDE okhttp3.internal.platform.Platform log
INFO: Connection: close
jan. 14, 2024 10:30:08 DA TARDE okhttp3.internal.platform.Platform log
INFO: 
jan. 14, 2024 10:30:08 DA TARDE okhttp3.internal.platform.Platform log
INFO: {"timestamp":"2024-01-14T22:30:08.381+00:00","status":400,"error":"Bad Request","message":"Invalid Birth Date","path":"/client"}
jan. 14, 2024 10:30:08 DA TARDE okhttp3.internal.platform.Platform log
INFO: <-- END HTTP (128-byte body)
jan. 14, 2024 10:30:08 DA TARDE okhttp3.internal.platform.Platform log
INFO: --> POST http://localhost:8080/client
jan. 14, 2024 10:30:08 DA TARDE okhttp3.internal.platform.Platform log
INFO: Content-Type: application/json; charset=UTF-8
jan. 14, 2024 10:30:08 DA TARDE okhttp3.internal.platform.Platform log
INFO: Content-Length: 236
jan. 14, 2024 10:30:08 DA TARDE okhttp3.internal.platform.Platform log
INFO: 
jan. 14, 2024 10:30:08 DA TARDE okhttp3.internal.platform.Platform log
INFO: {"id":null,"firstName":"Pedro","lastName":"Peyroteo","address":"Rua do Vale, 50","postalCode":"3865-100","city":"Estarreja","country":"Portugal","phoneNumber":910356180,"nif":275713741,"birthDate":"2024-01-14","clientDate":"2024-01-14"}
jan. 14, 2024 10:30:08 DA TARDE okhttp3.internal.platform.Platform log
INFO: --> END POST (236-byte body)
jan. 14, 2024 10:30:08 DA TARDE okhttp3.internal.platform.Platform log
INFO: <-- 201 http://localhost:8080/client (2ms)
jan. 14, 2024 10:30:08 DA TARDE okhttp3.internal.platform.Platform log
INFO: Content-Type: application/json
jan. 14, 2024 10:30:08 DA TARDE okhttp3.internal.platform.Platform log
INFO: Transfer-Encoding: chunked
jan. 14, 2024 10:30:08 DA TARDE okhttp3.internal.platform.Platform log
INFO: Date: Sun, 14 Jan 2024 22:30:08 GMT
jan. 14, 2024 10:30:08 DA TARDE okhttp3.internal.platform.Platform log
INFO: Keep-Alive: timeout=60
jan. 14, 2024 10:30:08 DA TARDE okhttp3.internal.platform.Platform log
INFO: Connection: keep-alive
jan. 14, 2024 10:30:08 DA TARDE okhttp3.internal.platform.Platform log
INFO: 
jan. 14, 2024 10:30:08 DA TARDE okhttp3.internal.platform.Platform log
INFO: 712
jan. 14, 2024 10:30:08 DA TARDE okhttp3.internal.platform.Platform log
INFO: <-- END HTTP (3-byte body)
jan. 14, 2024 10:30:08 DA TARDE okhttp3.internal.platform.Platform log
INFO: --> GET http://localhost:8080/client/712
jan. 14, 2024 10:30:08 DA TARDE okhttp3.internal.platform.Platform log
INFO: --> END GET
jan. 14, 2024 10:30:08 DA TARDE okhttp3.internal.platform.Platform log
INFO: <-- 200 http://localhost:8080/client/712 (1ms)
jan. 14, 2024 10:30:08 DA TARDE okhttp3.internal.platform.Platform log
INFO: Content-Type: application/json
jan. 14, 2024 10:30:08 DA TARDE okhttp3.internal.platform.Platform log
INFO: Transfer-Encoding: chunked
jan. 14, 2024 10:30:08 DA TARDE okhttp3.internal.platform.Platform log
INFO: Date: Sun, 14 Jan 2024 22:30:08 GMT
jan. 14, 2024 10:30:08 DA TARDE okhttp3.internal.platform.Platform log
INFO: Keep-Alive: timeout=60
jan. 14, 2024 10:30:08 DA TARDE okhttp3.internal.platform.Platform log
INFO: Connection: keep-alive
jan. 14, 2024 10:30:08 DA TARDE okhttp3.internal.platform.Platform log
INFO: 
jan. 14, 2024 10:30:08 DA TARDE okhttp3.internal.platform.Platform log
INFO: {"id":712,"firstName":"Pedro","lastName":"Peyroteo","address":"Rua do Vale, 50","postalCode":"3865-100","city":"Estarreja","country":"Portugal","phoneNumber":910356180,"nif":275713741,"birthDate":"2024-01-14","clientDate":"2024-01-14","vehicles":[]}
jan. 14, 2024 10:30:08 DA TARDE okhttp3.internal.platform.Platform log
INFO: <-- END HTTP (249-byte body)
jan. 14, 2024 10:30:08 DA TARDE okhttp3.internal.platform.Platform log
INFO: --> DELETE http://localhost:8080/client/712
jan. 14, 2024 10:30:08 DA TARDE okhttp3.internal.platform.Platform log
INFO: --> END DELETE
jan. 14, 2024 10:30:08 DA TARDE okhttp3.internal.platform.Platform log
INFO: <-- 204 http://localhost:8080/client/712 (1ms)
jan. 14, 2024 10:30:08 DA TARDE okhttp3.internal.platform.Platform log
INFO: Date: Sun, 14 Jan 2024 22:30:08 GMT
jan. 14, 2024 10:30:08 DA TARDE okhttp3.internal.platform.Platform log
INFO: Keep-Alive: timeout=60
jan. 14, 2024 10:30:08 DA TARDE okhttp3.internal.platform.Platform log
INFO: Connection: keep-alive
jan. 14, 2024 10:30:08 DA TARDE okhttp3.internal.platform.Platform log
INFO: <-- END HTTP
jan. 14, 2024 10:30:08 DA TARDE okhttp3.internal.platform.Platform log
INFO: --> POST http://localhost:8080/client
jan. 14, 2024 10:30:08 DA TARDE okhttp3.internal.platform.Platform log
INFO: Content-Type: application/json; charset=UTF-8
jan. 14, 2024 10:30:08 DA TARDE okhttp3.internal.platform.Platform log
INFO: Content-Length: 236
jan. 14, 2024 10:30:08 DA TARDE okhttp3.internal.platform.Platform log
INFO: 
jan. 14, 2024 10:30:08 DA TARDE okhttp3.internal.platform.Platform log
INFO: {"id":null,"firstName":"Pedro","lastName":"Peyroteo","address":"Rua do Vale, 50","postalCode":"3865-100","city":"Estarreja","country":"Portugal","phoneNumber":910356180,"nif":275713741,"birthDate":"2024-01-14","clientDate":"2024-01-14"}
jan. 14, 2024 10:30:08 DA TARDE okhttp3.internal.platform.Platform log
INFO: --> END POST (236-byte body)
jan. 14, 2024 10:30:08 DA TARDE okhttp3.internal.platform.Platform log
INFO: <-- 201 http://localhost:8080/client (2ms)
jan. 14, 2024 10:30:08 DA TARDE okhttp3.internal.platform.Platform log
INFO: Content-Type: application/json
jan. 14, 2024 10:30:08 DA TARDE okhttp3.internal.platform.Platform log
INFO: Transfer-Encoding: chunked
jan. 14, 2024 10:30:08 DA TARDE okhttp3.internal.platform.Platform log
INFO: Date: Sun, 14 Jan 2024 22:30:08 GMT
jan. 14, 2024 10:30:08 DA TARDE okhttp3.internal.platform.Platform log
INFO: Keep-Alive: timeout=60
jan. 14, 2024 10:30:08 DA TARDE okhttp3.internal.platform.Platform log
INFO: Connection: keep-alive
jan. 14, 2024 10:30:08 DA TARDE okhttp3.internal.platform.Platform log
INFO: 
jan. 14, 2024 10:30:08 DA TARDE okhttp3.internal.platform.Platform log
INFO: 713
jan. 14, 2024 10:30:08 DA TARDE okhttp3.internal.platform.Platform log
INFO: <-- END HTTP (3-byte body)
jan. 14, 2024 10:30:08 DA TARDE okhttp3.internal.platform.Platform log
INFO: --> GET http://localhost:8080/client/713
jan. 14, 2024 10:30:08 DA TARDE okhttp3.internal.platform.Platform log
INFO: --> END GET
jan. 14, 2024 10:30:08 DA TARDE okhttp3.internal.platform.Platform log
INFO: <-- 200 http://localhost:8080/client/713 (1ms)
jan. 14, 2024 10:30:08 DA TARDE okhttp3.internal.platform.Platform log
INFO: Content-Type: application/json
jan. 14, 2024 10:30:08 DA TARDE okhttp3.internal.platform.Platform log
INFO: Transfer-Encoding: chunked
jan. 14, 2024 10:30:08 DA TARDE okhttp3.internal.platform.Platform log
INFO: Date: Sun, 14 Jan 2024 22:30:08 GMT
jan. 14, 2024 10:30:08 DA TARDE okhttp3.internal.platform.Platform log
INFO: Keep-Alive: timeout=60
jan. 14, 2024 10:30:08 DA TARDE okhttp3.internal.platform.Platform log
INFO: Connection: keep-alive
jan. 14, 2024 10:30:08 DA TARDE okhttp3.internal.platform.Platform log
INFO: 
jan. 14, 2024 10:30:08 DA TARDE okhttp3.internal.platform.Platform log
INFO: {"id":713,"firstName":"Pedro","lastName":"Peyroteo","address":"Rua do Vale, 50","postalCode":"3865-100","city":"Estarreja","country":"Portugal","phoneNumber":910356180,"nif":275713741,"birthDate":"2024-01-14","clientDate":"2024-01-14","vehicles":[]}
jan. 14, 2024 10:30:08 DA TARDE okhttp3.internal.platform.Platform log
INFO: <-- END HTTP (249-byte body)
jan. 14, 2024 10:30:08 DA TARDE okhttp3.internal.platform.Platform log
INFO: --> DELETE http://localhost:8080/client/713
jan. 14, 2024 10:30:08 DA TARDE okhttp3.internal.platform.Platform log
INFO: --> END DELETE
jan. 14, 2024 10:30:08 DA TARDE okhttp3.internal.platform.Platform log
INFO: <-- 204 http://localhost:8080/client/713 (4ms)
jan. 14, 2024 10:30:08 DA TARDE okhttp3.internal.platform.Platform log
INFO: Date: Sun, 14 Jan 2024 22:30:08 GMT
jan. 14, 2024 10:30:08 DA TARDE okhttp3.internal.platform.Platform log
INFO: Keep-Alive: timeout=60
jan. 14, 2024 10:30:08 DA TARDE okhttp3.internal.platform.Platform log
INFO: Connection: keep-alive
jan. 14, 2024 10:30:08 DA TARDE okhttp3.internal.platform.Platform log
INFO: <-- END HTTP
jan. 14, 2024 10:30:08 DA TARDE okhttp3.internal.platform.Platform log
INFO: --> POST http://localhost:8080/client
jan. 14, 2024 10:30:08 DA TARDE okhttp3.internal.platform.Platform log
INFO: Content-Type: application/json; charset=UTF-8
jan. 14, 2024 10:30:08 DA TARDE okhttp3.internal.platform.Platform log
INFO: Content-Length: 236
jan. 14, 2024 10:30:08 DA TARDE okhttp3.internal.platform.Platform log
INFO: 
jan. 14, 2024 10:30:08 DA TARDE okhttp3.internal.platform.Platform log
INFO: {"id":null,"firstName":"Pedro","lastName":"Peyroteo","address":"Rua do Vale, 50","postalCode":"3865-100","city":"Estarreja","country":"Portugal","phoneNumber":910356180,"nif":275713741,"birthDate":"2024-01-14","clientDate":"2024-01-07"}
jan. 14, 2024 10:30:08 DA TARDE okhttp3.internal.platform.Platform log
INFO: --> END POST (236-byte body)
jan. 14, 2024 10:30:08 DA TARDE okhttp3.internal.platform.Platform log
INFO: <-- 201 http://localhost:8080/client (2ms)
jan. 14, 2024 10:30:08 DA TARDE okhttp3.internal.platform.Platform log
INFO: Content-Type: application/json
jan. 14, 2024 10:30:08 DA TARDE okhttp3.internal.platform.Platform log
INFO: Transfer-Encoding: chunked
jan. 14, 2024 10:30:08 DA TARDE okhttp3.internal.platform.Platform log
INFO: Date: Sun, 14 Jan 2024 22:30:08 GMT
jan. 14, 2024 10:30:08 DA TARDE okhttp3.internal.platform.Platform log
INFO: Keep-Alive: timeout=60
jan. 14, 2024 10:30:08 DA TARDE okhttp3.internal.platform.Platform log
INFO: Connection: keep-alive
jan. 14, 2024 10:30:08 DA TARDE okhttp3.internal.platform.Platform log
INFO: 
jan. 14, 2024 10:30:08 DA TARDE okhttp3.internal.platform.Platform log
INFO: 714
jan. 14, 2024 10:30:08 DA TARDE okhttp3.internal.platform.Platform log
INFO: <-- END HTTP (3-byte body)
jan. 14, 2024 10:30:08 DA TARDE okhttp3.internal.platform.Platform log
INFO: --> GET http://localhost:8080/client/714
jan. 14, 2024 10:30:08 DA TARDE okhttp3.internal.platform.Platform log
INFO: --> END GET
jan. 14, 2024 10:30:08 DA TARDE okhttp3.internal.platform.Platform log
INFO: <-- 200 http://localhost:8080/client/714 (1ms)
jan. 14, 2024 10:30:08 DA TARDE okhttp3.internal.platform.Platform log
INFO: Content-Type: application/json
jan. 14, 2024 10:30:08 DA TARDE okhttp3.internal.platform.Platform log
INFO: Transfer-Encoding: chunked
jan. 14, 2024 10:30:08 DA TARDE okhttp3.internal.platform.Platform log
INFO: Date: Sun, 14 Jan 2024 22:30:08 GMT
jan. 14, 2024 10:30:08 DA TARDE okhttp3.internal.platform.Platform log
INFO: Keep-Alive: timeout=60
jan. 14, 2024 10:30:08 DA TARDE okhttp3.internal.platform.Platform log
INFO: Connection: keep-alive
jan. 14, 2024 10:30:08 DA TARDE okhttp3.internal.platform.Platform log
INFO: 
jan. 14, 2024 10:30:08 DA TARDE okhttp3.internal.platform.Platform log
INFO: {"id":714,"firstName":"Pedro","lastName":"Peyroteo","address":"Rua do Vale, 50","postalCode":"3865-100","city":"Estarreja","country":"Portugal","phoneNumber":910356180,"nif":275713741,"birthDate":"2024-01-14","clientDate":"2024-01-07","vehicles":[]}
jan. 14, 2024 10:30:08 DA TARDE okhttp3.internal.platform.Platform log
INFO: <-- END HTTP (249-byte body)
jan. 14, 2024 10:30:08 DA TARDE okhttp3.internal.platform.Platform log
INFO: --> DELETE http://localhost:8080/client/714
jan. 14, 2024 10:30:08 DA TARDE okhttp3.internal.platform.Platform log
INFO: --> END DELETE
jan. 14, 2024 10:30:08 DA TARDE okhttp3.internal.platform.Platform log
INFO: <-- 204 http://localhost:8080/client/714 (1ms)
jan. 14, 2024 10:30:08 DA TARDE okhttp3.internal.platform.Platform log
INFO: Date: Sun, 14 Jan 2024 22:30:08 GMT
jan. 14, 2024 10:30:08 DA TARDE okhttp3.internal.platform.Platform log
INFO: Keep-Alive: timeout=60
jan. 14, 2024 10:30:08 DA TARDE okhttp3.internal.platform.Platform log
INFO: Connection: keep-alive
jan. 14, 2024 10:30:08 DA TARDE okhttp3.internal.platform.Platform log
INFO: <-- END HTTP
]]></system-err>
</testsuite>
